2018-03-26 04:24:54,576:DEBUG:140207182411584:client.py:293:__init__:### RPCClient.__init__()
2018-03-26 04:25:24,596:DEBUG:140207182411584:client.py:402:call:### RPCClient.call()
2018-03-26 04:25:24,596:DEBUG:140207182411584:client.py:342:prepare:### RPCClient.prepare()
2018-03-26 04:25:24,597:DEBUG:140207182411584:client.py:171:_prepare:### _CallContext._prepare()
2018-03-26 04:25:24,597:DEBUG:140207182411584:client.py:90:__init__:### _CallContext.__init__()
2018-03-26 04:25:24,597:DEBUG:140207182411584:client.py:146:call:### _CallContext.call()
2018-03-26 04:25:24,597:DEBUG:140207182411584:client.py:103:_make_message:### _CallContext._make_message()
2018-03-26 04:25:24,597:DEBUG:140207182411584:amqpdriver.py:444:send:### AMQPDriverBase.send()
2018-03-26 04:25:24,597:DEBUG:140207182411584:amqpdriver.py:391:_send:### AMQPDriverBase._send()
2018-03-26 04:25:24,598:DEBUG:140207182411584:amqpdriver.py:406:_send:MSG_ID is 3583c3aebdd94942a6191a1e2611b867
2018-03-26 04:25:24,598:DEBUG:140207182411584:amqpdriver.py:371:_get_reply_q:### AMQPDriverBase._get_reply_q()
2018-03-26 04:25:24,598:DEBUG:140207182411584:amqpdriver.py:363:_get_connection:### AMQPDriverBase._get_connection()
2018-03-26 04:25:24,598:DEBUG:140207182411584:amqp.py:116:__init__:### ConnectionContext.__init__()
2018-03-26 04:25:24,598:DEBUG:140207182411584:impl_rabbit.py:446:__init__:### Connection.__init__()
2018-03-26 04:25:24,599:DEBUG:140207182411584:impl_rabbit.py:619:reconnect:### Connection.reconnect()
2018-03-26 04:25:24,599:DEBUG:140207182411584:impl_rabbit.py:588:_disconnect:### Connection._disconnect()
2018-03-26 04:25:24,600:DEBUG:140207182411584:impl_rabbit.py:566:_connect:### Connection._connect()
2018-03-26 04:25:24,600:INFO:140207182411584:impl_rabbit.py:568:_connect:Connecting to AMQP server on haproxy-1-rabbitmq:5672
2018-03-26 04:25:24,613:DEBUG:140207182411584:connection.py:755:_start:Start from server, version: 0.9, properties: {u'information': u'Licensed under the MPL.  See http://www.rabbitmq.com/', u'product': u'RabbitMQ', u'copyright': u'Copyright (C) 2007-2013 GoPivotal, Inc.', u'capabilities': {u'exchange_exchange_bindings': True, u'connection.blocked': True, u'authentication_failure_close': True, u'basic.nack': True, u'consumer_priorities': True, u'consumer_cancel_notify': True, u'publisher_confirms': True}, u'platform': u'Erlang/OTP', u'version': u'3.2.4'}, mechanisms: [u'AMQPLAIN', u'PLAIN'], locales: [u'en_US']
2018-03-26 04:25:24,614:DEBUG:140207182411584:connection.py:641:_open_ok:Open OK!
2018-03-26 04:25:24,615:DEBUG:140207182411584:channel.py:82:__init__:using channel_id: 1
2018-03-26 04:25:24,616:DEBUG:140207182411584:channel.py:440:_open_ok:Channel open
2018-03-26 04:25:24,616:INFO:140207182411584:impl_rabbit.py:585:_connect:Connected to AMQP server on haproxy-1-rabbitmq:5672
2018-03-26 04:25:24,616:DEBUG:140207182411584:amqpdriver.py:198:__init__:### ReplyWaiter.__init__()
2018-03-26 04:25:24,616:DEBUG:140207182411584:amqpdriver.py:145:__init__:### ReplyWaiters.__init__()
2018-03-26 04:25:24,616:DEBUG:140207182411584:amqp.py:167:__getattr__:### ConnectionContext.__getattr__()
2018-03-26 04:25:24,616:DEBUG:140207182411584:impl_rabbit.py:818:declare_direct_consumer:### Connection.declare_direct_consumer()
2018-03-26 04:25:24,616:DEBUG:140207182411584:impl_rabbit.py:733:declare_consumer:### Connection.declare_consumer()
2018-03-26 04:25:24,616:DEBUG:140207182411584:impl_rabbit.py:681:ensure:### Connection.ensure()
2018-03-26 04:25:24,616:DEBUG:140207182411584:impl_rabbit.py:741:_declare_consumer:### Connection.declare_consumer()._declare_consumer()
2018-03-26 04:25:24,617:DEBUG:140207182411584:impl_rabbit.py:236:__init__:### DirectConsumer.__init__()
2018-03-26 04:25:24,617:DEBUG:140207182411584:impl_rabbit.py:122:_get_queue_arguments:### _get_queue_arguments()
2018-03-26 04:25:24,617:DEBUG:140207182411584:impl_rabbit.py:155:__init__:### ConsumerBase.__init__()
2018-03-26 04:25:24,617:DEBUG:140207182411584:impl_rabbit.py:164:reconnect:### ConsumerBase.reconnect()
2018-03-26 04:25:24,630:DEBUG:140207182411584:amqp.py:259:_add_unique_id:### _add_unique_id()
2018-03-26 04:25:24,631:DEBUG:140207182411584:amqp.py:262:_add_unique_id:UNIQUE_ID is c941298bf810446f8ed400ddcc8ebd5b.
2018-03-26 04:25:24,631:DEBUG:140207182411584:amqp.py:218:pack_context:### pack_context()
2018-03-26 04:25:24,631:DEBUG:140207182411584:amqpdriver.py:217:listen:### ReplyWaiter.listen()
2018-03-26 04:25:24,631:DEBUG:140207182411584:amqpdriver.py:182:add:### ReplyWaiters.add()
2018-03-26 04:25:24,631:DEBUG:140207182411584:amqpdriver.py:363:_get_connection:### AMQPDriverBase._get_connection()
2018-03-26 04:25:24,631:DEBUG:140207182411584:amqp.py:116:__init__:### ConnectionContext.__init__()
2018-03-26 04:25:24,632:DEBUG:140207182411584:pool.py:59:get:### Pool.get()
2018-03-26 04:25:24,632:DEBUG:140207182411584:amqp.py:69:create:### ConnectionPool.create()
2018-03-26 04:25:24,632:DEBUG:140207182411584:amqp.py:70:create:Pool creating new connection
2018-03-26 04:25:24,632:DEBUG:140207182411584:impl_rabbit.py:446:__init__:### Connection.__init__()
2018-03-26 04:25:24,632:DEBUG:140207182411584:impl_rabbit.py:619:reconnect:### Connection.reconnect()
2018-03-26 04:25:24,632:DEBUG:140207182411584:impl_rabbit.py:588:_disconnect:### Connection._disconnect()
2018-03-26 04:25:24,632:DEBUG:140207182411584:impl_rabbit.py:566:_connect:### Connection._connect()
2018-03-26 04:25:24,632:INFO:140207182411584:impl_rabbit.py:568:_connect:Connecting to AMQP server on haproxy-1-rabbitmq:5672
2018-03-26 04:25:24,642:DEBUG:140207182411584:connection.py:755:_start:Start from server, version: 0.9, properties: {u'information': u'Licensed under the MPL.  See http://www.rabbitmq.com/', u'product': u'RabbitMQ', u'copyright': u'Copyright (C) 2007-2013 GoPivotal, Inc.', u'capabilities': {u'exchange_exchange_bindings': True, u'connection.blocked': True, u'authentication_failure_close': True, u'basic.nack': True, u'consumer_priorities': True, u'consumer_cancel_notify': True, u'publisher_confirms': True}, u'platform': u'Erlang/OTP', u'version': u'3.2.4'}, mechanisms: [u'AMQPLAIN', u'PLAIN'], locales: [u'en_US']
2018-03-26 04:25:24,644:DEBUG:140207182411584:connection.py:641:_open_ok:Open OK!
2018-03-26 04:25:24,644:DEBUG:140207182411584:channel.py:82:__init__:using channel_id: 1
2018-03-26 04:25:24,646:DEBUG:140207182411584:channel.py:440:_open_ok:Channel open
2018-03-26 04:25:24,647:INFO:140207182411584:impl_rabbit.py:585:_connect:Connected to AMQP server on haproxy-1-rabbitmq:5672
2018-03-26 04:25:24,647:DEBUG:140207182411584:amqp.py:129:__enter__:### ConnectionContext.__enter__()
2018-03-26 04:25:24,647:DEBUG:140207182411584:amqp.py:167:__getattr__:### ConnectionContext.__getattr__()
2018-03-26 04:25:24,647:DEBUG:140207182411584:amqpdriver.py:359:_get_exchange:### AMQPDriverBase._get_exchange()
2018-03-26 04:25:24,648:DEBUG:140207182411584:impl_rabbit.py:843:topic_send:### Connection.topic_send()
2018-03-26 04:25:24,648:DEBUG:140207182411584:impl_rabbit.py:799:publisher_send:### Connection.publisher_send()
2018-03-26 04:25:24,648:DEBUG:140207182411584:impl_rabbit.py:681:ensure:### Connection.ensure()
2018-03-26 04:25:24,648:DEBUG:140207182411584:impl_rabbit.py:807:_publish:### Connection.publisher_send()._publish()
2018-03-26 04:25:24,648:DEBUG:140207182411584:impl_rabbit.py:386:__init__:### TopicPublisher.__init__()
2018-03-26 04:25:24,649:DEBUG:140207182411584:impl_rabbit.py:335:__init__:### Publisher.__init__()
2018-03-26 04:25:24,649:DEBUG:140207182411584:impl_rabbit.py:343:reconnect:### Publisher.reconnect()
2018-03-26 04:25:24,650:DEBUG:140207182411584:impl_rabbit.py:352:send:### Publisher.send()
2018-03-26 04:25:24,651:DEBUG:140207182411584:amqp.py:152:__exit__:### ConnectionContext.__exit__()
2018-03-26 04:25:24,651:DEBUG:140207182411584:amqp.py:136:_done:### ConnectionContext._done()
2018-03-26 04:25:24,651:DEBUG:140207182411584:impl_rabbit.py:721:reset:### Connection.reset()
2018-03-26 04:25:24,659:DEBUG:140207182411584:channel.py:106:_do_close:Closed channel #1
2018-03-26 04:25:24,659:DEBUG:140207182411584:channel.py:82:__init__:using channel_id: 1
2018-03-26 04:25:24,667:DEBUG:140207182411584:channel.py:440:_open_ok:Channel open
2018-03-26 04:25:24,667:DEBUG:140207182411584:pool.py:49:put:### Pool.put()
2018-03-26 04:25:24,667:DEBUG:140207182411584:amqpdriver.py:296:wait:### ReplyWaiter.wait()
2018-03-26 04:25:24,668:DEBUG:140207182411584:amqpdriver.py:274:_check_queue:### ReplyWaiter._check_queue()
2018-03-26 04:25:24,668:DEBUG:140207182411584:amqpdriver.py:158:check:### ReplyWaiters.check()
2018-03-26 04:25:24,668:DEBUG:140207182411584:amqpdriver.py:246:_poll_connection:### ReplyWaiter._poll_connection()
2018-03-26 04:25:24,668:DEBUG:140207182411584:amqp.py:167:__getattr__:### ConnectionContext.__getattr__()
2018-03-26 04:25:24,668:DEBUG:140207182411584:impl_rabbit.py:860:consume:### Connection.consume()
2018-03-26 04:25:24,669:DEBUG:140207182411584:impl_rabbit.py:751:iterconsume:### Connection.iterconsume()
2018-03-26 04:25:24,669:DEBUG:140207182411584:impl_rabbit.py:681:ensure:### Connection.ensure()
2018-03-26 04:25:24,669:DEBUG:140207182411584:impl_rabbit.py:771:_consume:### Connection.iterconsume()._consume()
2018-03-26 04:25:24,669:DEBUG:140207182411584:impl_rabbit.py:197:consume:### ConsumerBase.consume()
2018-03-26 04:25:54,697:DEBUG:140207182411584:impl_rabbit.py:175:_callback_handler:### ConsumerBase._callback_handler()
2018-03-26 04:25:54,698:DEBUG:140207182411584:impl_rabbit.py:128:__init__:### RabbitMessage.__init__()
2018-03-26 04:25:54,698:DEBUG:140207182411584:amqpdriver.py:212:__call__:### ReplyWaiter.__call__()
2018-03-26 04:25:54,699:DEBUG:140207182411584:impl_rabbit.py:134:acknowledge:### RabbitMessage.acknowledge()
2018-03-26 04:25:54,699:DEBUG:140207182411584:amqpdriver.py:231:_process_reply:### ReplyWaiter._process_reply()
2018-03-26 04:25:54,699:DEBUG:140207182411584:amqpdriver.py:246:_poll_connection:### ReplyWaiter._poll_connection()
2018-03-26 04:25:54,700:DEBUG:140207182411584:amqp.py:167:__getattr__:### ConnectionContext.__getattr__()
2018-03-26 04:25:54,700:DEBUG:140207182411584:impl_rabbit.py:860:consume:### Connection.consume()
2018-03-26 04:25:54,700:DEBUG:140207182411584:impl_rabbit.py:751:iterconsume:### Connection.iterconsume()
2018-03-26 04:25:54,701:DEBUG:140207182411584:impl_rabbit.py:681:ensure:### Connection.ensure()
2018-03-26 04:25:54,701:DEBUG:140207182411584:impl_rabbit.py:771:_consume:### Connection.iterconsume()._consume()
2018-03-26 04:25:54,704:DEBUG:140207182411584:impl_rabbit.py:175:_callback_handler:### ConsumerBase._callback_handler()
2018-03-26 04:25:54,704:DEBUG:140207182411584:impl_rabbit.py:128:__init__:### RabbitMessage.__init__()
2018-03-26 04:25:54,705:DEBUG:140207182411584:amqpdriver.py:212:__call__:### ReplyWaiter.__call__()
2018-03-26 04:25:54,705:DEBUG:140207182411584:impl_rabbit.py:134:acknowledge:### RabbitMessage.acknowledge()
2018-03-26 04:25:54,705:DEBUG:140207182411584:amqpdriver.py:231:_process_reply:### ReplyWaiter._process_reply()
2018-03-26 04:25:54,705:DEBUG:140207182411584:amqpdriver.py:176:wake_all:### ReplyWaiters.wake_all()
2018-03-26 04:25:54,706:DEBUG:140207182411584:amqpdriver.py:222:unlisten:### ReplyWaiter.unlisten()
2018-03-26 04:25:54,706:DEBUG:140207182411584:amqpdriver.py:191:remove:### ReplyWaiters.remove()
2018-03-26 04:25:54,706:DEBUG:140207182411584:amqp.py:157:__del__:### ConnectionContext.__del__()
2018-03-26 04:25:54,706:DEBUG:140207182411584:amqp.py:136:_done:### ConnectionContext._done()
2018-03-26 04:25:54,707:INFO:140207182411584:heat-api.py:58:health_check:### Response: id=[1], host=[heat-1-engine], content=[I'm fine!]
2018-03-26 04:26:24,737:DEBUG:140207182411584:client.py:402:call:### RPCClient.call()
2018-03-26 04:26:24,737:DEBUG:140207182411584:client.py:342:prepare:### RPCClient.prepare()
2018-03-26 04:26:24,738:DEBUG:140207182411584:client.py:171:_prepare:### _CallContext._prepare()
2018-03-26 04:26:24,738:DEBUG:140207182411584:client.py:90:__init__:### _CallContext.__init__()
2018-03-26 04:26:24,739:DEBUG:140207182411584:client.py:146:call:### _CallContext.call()
2018-03-26 04:26:24,739:DEBUG:140207182411584:client.py:103:_make_message:### _CallContext._make_message()
2018-03-26 04:26:24,739:DEBUG:140207182411584:amqpdriver.py:444:send:### AMQPDriverBase.send()
2018-03-26 04:26:24,739:DEBUG:140207182411584:amqpdriver.py:391:_send:### AMQPDriverBase._send()
2018-03-26 04:26:24,740:DEBUG:140207182411584:amqpdriver.py:406:_send:MSG_ID is a53465f744f243e6ada1d03d33f50d63
2018-03-26 04:26:24,740:DEBUG:140207182411584:amqpdriver.py:371:_get_reply_q:### AMQPDriverBase._get_reply_q()
2018-03-26 04:26:24,740:DEBUG:140207182411584:amqp.py:259:_add_unique_id:### _add_unique_id()
2018-03-26 04:26:24,740:DEBUG:140207182411584:amqp.py:262:_add_unique_id:UNIQUE_ID is 317061c319dd49649d9b18c5b3d831d5.
2018-03-26 04:26:24,740:DEBUG:140207182411584:amqp.py:218:pack_context:### pack_context()
2018-03-26 04:26:24,741:DEBUG:140207182411584:amqpdriver.py:217:listen:### ReplyWaiter.listen()
2018-03-26 04:26:24,741:DEBUG:140207182411584:amqpdriver.py:182:add:### ReplyWaiters.add()
2018-03-26 04:26:24,741:DEBUG:140207182411584:amqpdriver.py:363:_get_connection:### AMQPDriverBase._get_connection()
2018-03-26 04:26:24,741:DEBUG:140207182411584:amqp.py:116:__init__:### ConnectionContext.__init__()
2018-03-26 04:26:24,741:DEBUG:140207182411584:pool.py:59:get:### Pool.get()
2018-03-26 04:26:24,742:DEBUG:140207182411584:amqp.py:129:__enter__:### ConnectionContext.__enter__()
2018-03-26 04:26:24,742:DEBUG:140207182411584:amqp.py:167:__getattr__:### ConnectionContext.__getattr__()
2018-03-26 04:26:24,742:DEBUG:140207182411584:amqpdriver.py:359:_get_exchange:### AMQPDriverBase._get_exchange()
2018-03-26 04:26:24,742:DEBUG:140207182411584:impl_rabbit.py:843:topic_send:### Connection.topic_send()
2018-03-26 04:26:24,742:DEBUG:140207182411584:impl_rabbit.py:799:publisher_send:### Connection.publisher_send()
2018-03-26 04:26:24,742:DEBUG:140207182411584:impl_rabbit.py:681:ensure:### Connection.ensure()
2018-03-26 04:26:24,743:DEBUG:140207182411584:impl_rabbit.py:807:_publish:### Connection.publisher_send()._publish()
2018-03-26 04:26:24,743:DEBUG:140207182411584:impl_rabbit.py:386:__init__:### TopicPublisher.__init__()
2018-03-26 04:26:24,743:DEBUG:140207182411584:impl_rabbit.py:335:__init__:### Publisher.__init__()
2018-03-26 04:26:24,743:DEBUG:140207182411584:impl_rabbit.py:343:reconnect:### Publisher.reconnect()
2018-03-26 04:26:24,744:DEBUG:140207182411584:impl_rabbit.py:352:send:### Publisher.send()
2018-03-26 04:26:24,745:DEBUG:140207182411584:amqp.py:152:__exit__:### ConnectionContext.__exit__()
2018-03-26 04:26:24,745:DEBUG:140207182411584:amqp.py:136:_done:### ConnectionContext._done()
2018-03-26 04:26:24,745:DEBUG:140207182411584:impl_rabbit.py:721:reset:### Connection.reset()
2018-03-26 04:26:24,752:DEBUG:140207182411584:channel.py:106:_do_close:Closed channel #1
2018-03-26 04:26:24,752:DEBUG:140207182411584:channel.py:82:__init__:using channel_id: 1
2018-03-26 04:26:24,755:DEBUG:140207182411584:channel.py:440:_open_ok:Channel open
2018-03-26 04:26:24,756:DEBUG:140207182411584:pool.py:49:put:### Pool.put()
2018-03-26 04:26:24,756:DEBUG:140207182411584:amqpdriver.py:296:wait:### ReplyWaiter.wait()
2018-03-26 04:26:24,756:DEBUG:140207182411584:amqpdriver.py:274:_check_queue:### ReplyWaiter._check_queue()
2018-03-26 04:26:24,756:DEBUG:140207182411584:amqpdriver.py:158:check:### ReplyWaiters.check()
2018-03-26 04:26:24,756:DEBUG:140207182411584:amqpdriver.py:246:_poll_connection:### ReplyWaiter._poll_connection()
2018-03-26 04:26:24,756:DEBUG:140207182411584:amqp.py:167:__getattr__:### ConnectionContext.__getattr__()
2018-03-26 04:26:24,757:DEBUG:140207182411584:impl_rabbit.py:860:consume:### Connection.consume()
2018-03-26 04:26:24,757:DEBUG:140207182411584:impl_rabbit.py:751:iterconsume:### Connection.iterconsume()
2018-03-26 04:26:24,757:DEBUG:140207182411584:impl_rabbit.py:681:ensure:### Connection.ensure()
2018-03-26 04:26:24,757:DEBUG:140207182411584:impl_rabbit.py:771:_consume:### Connection.iterconsume()._consume()
2018-03-26 04:26:54,764:DEBUG:140207182411584:impl_rabbit.py:175:_callback_handler:### ConsumerBase._callback_handler()
2018-03-26 04:26:54,764:DEBUG:140207182411584:impl_rabbit.py:128:__init__:### RabbitMessage.__init__()
2018-03-26 04:26:54,765:DEBUG:140207182411584:amqpdriver.py:212:__call__:### ReplyWaiter.__call__()
2018-03-26 04:26:54,765:DEBUG:140207182411584:impl_rabbit.py:134:acknowledge:### RabbitMessage.acknowledge()
2018-03-26 04:26:54,766:DEBUG:140207182411584:amqpdriver.py:231:_process_reply:### ReplyWaiter._process_reply()
2018-03-26 04:26:54,766:DEBUG:140207182411584:amqpdriver.py:246:_poll_connection:### ReplyWaiter._poll_connection()
2018-03-26 04:26:54,766:DEBUG:140207182411584:amqp.py:167:__getattr__:### ConnectionContext.__getattr__()
2018-03-26 04:26:54,766:DEBUG:140207182411584:impl_rabbit.py:860:consume:### Connection.consume()
2018-03-26 04:26:54,767:DEBUG:140207182411584:impl_rabbit.py:751:iterconsume:### Connection.iterconsume()
2018-03-26 04:26:54,767:DEBUG:140207182411584:impl_rabbit.py:681:ensure:### Connection.ensure()
2018-03-26 04:26:54,767:DEBUG:140207182411584:impl_rabbit.py:771:_consume:### Connection.iterconsume()._consume()
2018-03-26 04:26:54,769:DEBUG:140207182411584:impl_rabbit.py:175:_callback_handler:### ConsumerBase._callback_handler()
2018-03-26 04:26:54,769:DEBUG:140207182411584:impl_rabbit.py:128:__init__:### RabbitMessage.__init__()
2018-03-26 04:26:54,769:DEBUG:140207182411584:amqpdriver.py:212:__call__:### ReplyWaiter.__call__()
2018-03-26 04:26:54,770:DEBUG:140207182411584:impl_rabbit.py:134:acknowledge:### RabbitMessage.acknowledge()
2018-03-26 04:26:54,770:DEBUG:140207182411584:amqpdriver.py:231:_process_reply:### ReplyWaiter._process_reply()
2018-03-26 04:26:54,770:DEBUG:140207182411584:amqpdriver.py:176:wake_all:### ReplyWaiters.wake_all()
2018-03-26 04:26:54,770:DEBUG:140207182411584:amqpdriver.py:222:unlisten:### ReplyWaiter.unlisten()
2018-03-26 04:26:54,771:DEBUG:140207182411584:amqpdriver.py:191:remove:### ReplyWaiters.remove()
2018-03-26 04:26:54,771:DEBUG:140207182411584:amqp.py:157:__del__:### ConnectionContext.__del__()
2018-03-26 04:26:54,771:DEBUG:140207182411584:amqp.py:136:_done:### ConnectionContext._done()
2018-03-26 04:26:54,771:INFO:140207182411584:heat-api.py:58:health_check:### Response: id=[2], host=[heat-1-engine], content=[I'm fine!]
2018-03-26 04:27:24,789:DEBUG:140207182411584:client.py:402:call:### RPCClient.call()
2018-03-26 04:27:24,789:DEBUG:140207182411584:client.py:342:prepare:### RPCClient.prepare()
2018-03-26 04:27:24,789:DEBUG:140207182411584:client.py:171:_prepare:### _CallContext._prepare()
2018-03-26 04:27:24,790:DEBUG:140207182411584:client.py:90:__init__:### _CallContext.__init__()
2018-03-26 04:27:24,790:DEBUG:140207182411584:client.py:146:call:### _CallContext.call()
2018-03-26 04:27:24,790:DEBUG:140207182411584:client.py:103:_make_message:### _CallContext._make_message()
2018-03-26 04:27:24,790:DEBUG:140207182411584:amqpdriver.py:444:send:### AMQPDriverBase.send()
2018-03-26 04:27:24,790:DEBUG:140207182411584:amqpdriver.py:391:_send:### AMQPDriverBase._send()
2018-03-26 04:27:24,791:DEBUG:140207182411584:amqpdriver.py:406:_send:MSG_ID is 410b103f93444d2588c225139454178c
2018-03-26 04:27:24,791:DEBUG:140207182411584:amqpdriver.py:371:_get_reply_q:### AMQPDriverBase._get_reply_q()
2018-03-26 04:27:24,791:DEBUG:140207182411584:amqp.py:259:_add_unique_id:### _add_unique_id()
2018-03-26 04:27:24,791:DEBUG:140207182411584:amqp.py:262:_add_unique_id:UNIQUE_ID is b66c5ce6c645487b90e12b3d3d727e48.
2018-03-26 04:27:24,791:DEBUG:140207182411584:amqp.py:218:pack_context:### pack_context()
2018-03-26 04:27:24,792:DEBUG:140207182411584:amqpdriver.py:217:listen:### ReplyWaiter.listen()
2018-03-26 04:27:24,792:DEBUG:140207182411584:amqpdriver.py:182:add:### ReplyWaiters.add()
2018-03-26 04:27:24,792:DEBUG:140207182411584:amqpdriver.py:363:_get_connection:### AMQPDriverBase._get_connection()
2018-03-26 04:27:24,792:DEBUG:140207182411584:amqp.py:116:__init__:### ConnectionContext.__init__()
2018-03-26 04:27:24,792:DEBUG:140207182411584:pool.py:59:get:### Pool.get()
2018-03-26 04:27:24,793:DEBUG:140207182411584:amqp.py:129:__enter__:### ConnectionContext.__enter__()
2018-03-26 04:27:24,793:DEBUG:140207182411584:amqp.py:167:__getattr__:### ConnectionContext.__getattr__()
2018-03-26 04:27:24,793:DEBUG:140207182411584:amqpdriver.py:359:_get_exchange:### AMQPDriverBase._get_exchange()
2018-03-26 04:27:24,793:DEBUG:140207182411584:impl_rabbit.py:843:topic_send:### Connection.topic_send()
2018-03-26 04:27:24,793:DEBUG:140207182411584:impl_rabbit.py:799:publisher_send:### Connection.publisher_send()
2018-03-26 04:27:24,793:DEBUG:140207182411584:impl_rabbit.py:681:ensure:### Connection.ensure()
2018-03-26 04:27:24,794:DEBUG:140207182411584:impl_rabbit.py:807:_publish:### Connection.publisher_send()._publish()
2018-03-26 04:27:24,794:DEBUG:140207182411584:impl_rabbit.py:386:__init__:### TopicPublisher.__init__()
2018-03-26 04:27:24,794:DEBUG:140207182411584:impl_rabbit.py:335:__init__:### Publisher.__init__()
2018-03-26 04:27:24,794:DEBUG:140207182411584:impl_rabbit.py:343:reconnect:### Publisher.reconnect()
2018-03-26 04:27:24,795:DEBUG:140207182411584:impl_rabbit.py:352:send:### Publisher.send()
2018-03-26 04:27:24,796:DEBUG:140207182411584:amqp.py:152:__exit__:### ConnectionContext.__exit__()
2018-03-26 04:27:24,796:DEBUG:140207182411584:amqp.py:136:_done:### ConnectionContext._done()
2018-03-26 04:27:24,796:DEBUG:140207182411584:impl_rabbit.py:721:reset:### Connection.reset()
2018-03-26 04:27:24,797:DEBUG:140207182411584:channel.py:106:_do_close:Closed channel #1
2018-03-26 04:27:24,797:DEBUG:140207182411584:channel.py:82:__init__:using channel_id: 1
2018-03-26 04:27:24,801:DEBUG:140207182411584:channel.py:440:_open_ok:Channel open
2018-03-26 04:27:24,801:DEBUG:140207182411584:pool.py:49:put:### Pool.put()
2018-03-26 04:27:24,802:DEBUG:140207182411584:amqpdriver.py:296:wait:### ReplyWaiter.wait()
2018-03-26 04:27:24,802:DEBUG:140207182411584:amqpdriver.py:274:_check_queue:### ReplyWaiter._check_queue()
2018-03-26 04:27:24,802:DEBUG:140207182411584:amqpdriver.py:158:check:### ReplyWaiters.check()
2018-03-26 04:27:24,802:DEBUG:140207182411584:amqpdriver.py:246:_poll_connection:### ReplyWaiter._poll_connection()
2018-03-26 04:27:24,802:DEBUG:140207182411584:amqp.py:167:__getattr__:### ConnectionContext.__getattr__()
2018-03-26 04:27:24,802:DEBUG:140207182411584:impl_rabbit.py:860:consume:### Connection.consume()
2018-03-26 04:27:24,803:DEBUG:140207182411584:impl_rabbit.py:751:iterconsume:### Connection.iterconsume()
2018-03-26 04:27:24,803:DEBUG:140207182411584:impl_rabbit.py:681:ensure:### Connection.ensure()
2018-03-26 04:27:24,803:DEBUG:140207182411584:impl_rabbit.py:771:_consume:### Connection.iterconsume()._consume()
2018-03-26 04:27:54,815:DEBUG:140207182411584:impl_rabbit.py:175:_callback_handler:### ConsumerBase._callback_handler()
2018-03-26 04:27:54,815:DEBUG:140207182411584:impl_rabbit.py:128:__init__:### RabbitMessage.__init__()
2018-03-26 04:27:54,816:DEBUG:140207182411584:amqpdriver.py:212:__call__:### ReplyWaiter.__call__()
2018-03-26 04:27:54,816:DEBUG:140207182411584:impl_rabbit.py:134:acknowledge:### RabbitMessage.acknowledge()
2018-03-26 04:27:54,816:DEBUG:140207182411584:amqpdriver.py:231:_process_reply:### ReplyWaiter._process_reply()
2018-03-26 04:27:54,817:DEBUG:140207182411584:amqpdriver.py:246:_poll_connection:### ReplyWaiter._poll_connection()
2018-03-26 04:27:54,817:DEBUG:140207182411584:amqp.py:167:__getattr__:### ConnectionContext.__getattr__()
2018-03-26 04:27:54,817:DEBUG:140207182411584:impl_rabbit.py:860:consume:### Connection.consume()
2018-03-26 04:27:54,817:DEBUG:140207182411584:impl_rabbit.py:751:iterconsume:### Connection.iterconsume()
2018-03-26 04:27:54,817:DEBUG:140207182411584:impl_rabbit.py:681:ensure:### Connection.ensure()
2018-03-26 04:27:54,818:DEBUG:140207182411584:impl_rabbit.py:771:_consume:### Connection.iterconsume()._consume()
2018-03-26 04:27:54,821:DEBUG:140207182411584:impl_rabbit.py:175:_callback_handler:### ConsumerBase._callback_handler()
2018-03-26 04:27:54,821:DEBUG:140207182411584:impl_rabbit.py:128:__init__:### RabbitMessage.__init__()
2018-03-26 04:27:54,822:DEBUG:140207182411584:amqpdriver.py:212:__call__:### ReplyWaiter.__call__()
2018-03-26 04:27:54,822:DEBUG:140207182411584:impl_rabbit.py:134:acknowledge:### RabbitMessage.acknowledge()
2018-03-26 04:27:54,822:DEBUG:140207182411584:amqpdriver.py:231:_process_reply:### ReplyWaiter._process_reply()
2018-03-26 04:27:54,823:DEBUG:140207182411584:amqpdriver.py:176:wake_all:### ReplyWaiters.wake_all()
2018-03-26 04:27:54,823:DEBUG:140207182411584:amqpdriver.py:222:unlisten:### ReplyWaiter.unlisten()
2018-03-26 04:27:54,823:DEBUG:140207182411584:amqpdriver.py:191:remove:### ReplyWaiters.remove()
2018-03-26 04:27:54,823:DEBUG:140207182411584:amqp.py:157:__del__:### ConnectionContext.__del__()
2018-03-26 04:27:54,823:DEBUG:140207182411584:amqp.py:136:_done:### ConnectionContext._done()
2018-03-26 04:27:54,824:INFO:140207182411584:heat-api.py:58:health_check:### Response: id=[3], host=[heat-1-engine], content=[I'm fine!]
2018-03-26 04:28:24,852:DEBUG:140207182411584:client.py:402:call:### RPCClient.call()
2018-03-26 04:28:24,853:DEBUG:140207182411584:client.py:342:prepare:### RPCClient.prepare()
2018-03-26 04:28:24,853:DEBUG:140207182411584:client.py:171:_prepare:### _CallContext._prepare()
2018-03-26 04:28:24,853:DEBUG:140207182411584:client.py:90:__init__:### _CallContext.__init__()
2018-03-26 04:28:24,853:DEBUG:140207182411584:client.py:146:call:### _CallContext.call()
2018-03-26 04:28:24,853:DEBUG:140207182411584:client.py:103:_make_message:### _CallContext._make_message()
2018-03-26 04:28:24,854:DEBUG:140207182411584:amqpdriver.py:444:send:### AMQPDriverBase.send()
2018-03-26 04:28:24,854:DEBUG:140207182411584:amqpdriver.py:391:_send:### AMQPDriverBase._send()
2018-03-26 04:28:24,854:DEBUG:140207182411584:amqpdriver.py:406:_send:MSG_ID is e7191aac473643ab8f43e46363d0bd48
2018-03-26 04:28:24,855:DEBUG:140207182411584:amqpdriver.py:371:_get_reply_q:### AMQPDriverBase._get_reply_q()
2018-03-26 04:28:24,855:DEBUG:140207182411584:amqp.py:259:_add_unique_id:### _add_unique_id()
2018-03-26 04:28:24,855:DEBUG:140207182411584:amqp.py:262:_add_unique_id:UNIQUE_ID is 432d46b074f24927bb1416e4fd0b4c14.
2018-03-26 04:28:24,855:DEBUG:140207182411584:amqp.py:218:pack_context:### pack_context()
2018-03-26 04:28:24,855:DEBUG:140207182411584:amqpdriver.py:217:listen:### ReplyWaiter.listen()
2018-03-26 04:28:24,856:DEBUG:140207182411584:amqpdriver.py:182:add:### ReplyWaiters.add()
2018-03-26 04:28:24,856:DEBUG:140207182411584:amqpdriver.py:363:_get_connection:### AMQPDriverBase._get_connection()
2018-03-26 04:28:24,856:DEBUG:140207182411584:amqp.py:116:__init__:### ConnectionContext.__init__()
2018-03-26 04:28:24,856:DEBUG:140207182411584:pool.py:59:get:### Pool.get()
2018-03-26 04:28:24,857:DEBUG:140207182411584:amqp.py:129:__enter__:### ConnectionContext.__enter__()
2018-03-26 04:28:24,857:DEBUG:140207182411584:amqp.py:167:__getattr__:### ConnectionContext.__getattr__()
2018-03-26 04:28:24,857:DEBUG:140207182411584:amqpdriver.py:359:_get_exchange:### AMQPDriverBase._get_exchange()
2018-03-26 04:28:24,857:DEBUG:140207182411584:impl_rabbit.py:843:topic_send:### Connection.topic_send()
2018-03-26 04:28:24,857:DEBUG:140207182411584:impl_rabbit.py:799:publisher_send:### Connection.publisher_send()
2018-03-26 04:28:24,858:DEBUG:140207182411584:impl_rabbit.py:681:ensure:### Connection.ensure()
2018-03-26 04:28:24,858:DEBUG:140207182411584:impl_rabbit.py:807:_publish:### Connection.publisher_send()._publish()
2018-03-26 04:28:24,858:DEBUG:140207182411584:impl_rabbit.py:386:__init__:### TopicPublisher.__init__()
2018-03-26 04:28:24,858:DEBUG:140207182411584:impl_rabbit.py:335:__init__:### Publisher.__init__()
2018-03-26 04:28:24,858:DEBUG:140207182411584:impl_rabbit.py:343:reconnect:### Publisher.reconnect()
2018-03-26 04:28:24,859:DEBUG:140207182411584:impl_rabbit.py:352:send:### Publisher.send()
2018-03-26 04:28:24,860:DEBUG:140207182411584:amqp.py:152:__exit__:### ConnectionContext.__exit__()
2018-03-26 04:28:24,860:DEBUG:140207182411584:amqp.py:136:_done:### ConnectionContext._done()
2018-03-26 04:28:24,861:DEBUG:140207182411584:impl_rabbit.py:721:reset:### Connection.reset()
2018-03-26 04:28:24,862:DEBUG:140207182411584:channel.py:106:_do_close:Closed channel #1
2018-03-26 04:28:24,862:DEBUG:140207182411584:channel.py:82:__init__:using channel_id: 1
2018-03-26 04:28:24,865:DEBUG:140207182411584:channel.py:440:_open_ok:Channel open
2018-03-26 04:28:24,865:DEBUG:140207182411584:pool.py:49:put:### Pool.put()
2018-03-26 04:28:24,865:DEBUG:140207182411584:amqpdriver.py:296:wait:### ReplyWaiter.wait()
2018-03-26 04:28:24,865:DEBUG:140207182411584:amqpdriver.py:274:_check_queue:### ReplyWaiter._check_queue()
2018-03-26 04:28:24,865:DEBUG:140207182411584:amqpdriver.py:158:check:### ReplyWaiters.check()
2018-03-26 04:28:24,866:DEBUG:140207182411584:amqpdriver.py:246:_poll_connection:### ReplyWaiter._poll_connection()
2018-03-26 04:28:24,866:DEBUG:140207182411584:amqp.py:167:__getattr__:### ConnectionContext.__getattr__()
2018-03-26 04:28:24,866:DEBUG:140207182411584:impl_rabbit.py:860:consume:### Connection.consume()
2018-03-26 04:28:24,866:DEBUG:140207182411584:impl_rabbit.py:751:iterconsume:### Connection.iterconsume()
2018-03-26 04:28:24,867:DEBUG:140207182411584:impl_rabbit.py:681:ensure:### Connection.ensure()
2018-03-26 04:28:24,867:DEBUG:140207182411584:impl_rabbit.py:771:_consume:### Connection.iterconsume()._consume()
2018-03-26 04:28:54,879:DEBUG:140207182411584:impl_rabbit.py:175:_callback_handler:### ConsumerBase._callback_handler()
2018-03-26 04:28:54,880:DEBUG:140207182411584:impl_rabbit.py:128:__init__:### RabbitMessage.__init__()
2018-03-26 04:28:54,880:DEBUG:140207182411584:amqpdriver.py:212:__call__:### ReplyWaiter.__call__()
2018-03-26 04:28:54,880:DEBUG:140207182411584:impl_rabbit.py:134:acknowledge:### RabbitMessage.acknowledge()
2018-03-26 04:28:54,881:DEBUG:140207182411584:amqpdriver.py:231:_process_reply:### ReplyWaiter._process_reply()
2018-03-26 04:28:54,881:DEBUG:140207182411584:amqpdriver.py:246:_poll_connection:### ReplyWaiter._poll_connection()
2018-03-26 04:28:54,882:DEBUG:140207182411584:amqp.py:167:__getattr__:### ConnectionContext.__getattr__()
2018-03-26 04:28:54,882:DEBUG:140207182411584:impl_rabbit.py:860:consume:### Connection.consume()
2018-03-26 04:28:54,882:DEBUG:140207182411584:impl_rabbit.py:751:iterconsume:### Connection.iterconsume()
2018-03-26 04:28:54,882:DEBUG:140207182411584:impl_rabbit.py:681:ensure:### Connection.ensure()
2018-03-26 04:28:54,883:DEBUG:140207182411584:impl_rabbit.py:771:_consume:### Connection.iterconsume()._consume()
2018-03-26 04:28:54,888:DEBUG:140207182411584:impl_rabbit.py:175:_callback_handler:### ConsumerBase._callback_handler()
2018-03-26 04:28:54,889:DEBUG:140207182411584:impl_rabbit.py:128:__init__:### RabbitMessage.__init__()
2018-03-26 04:28:54,889:DEBUG:140207182411584:amqpdriver.py:212:__call__:### ReplyWaiter.__call__()
2018-03-26 04:28:54,890:DEBUG:140207182411584:impl_rabbit.py:134:acknowledge:### RabbitMessage.acknowledge()
2018-03-26 04:28:54,891:DEBUG:140207182411584:amqpdriver.py:231:_process_reply:### ReplyWaiter._process_reply()
2018-03-26 04:28:54,891:DEBUG:140207182411584:amqpdriver.py:176:wake_all:### ReplyWaiters.wake_all()
2018-03-26 04:28:54,891:DEBUG:140207182411584:amqpdriver.py:222:unlisten:### ReplyWaiter.unlisten()
2018-03-26 04:28:54,892:DEBUG:140207182411584:amqpdriver.py:191:remove:### ReplyWaiters.remove()
2018-03-26 04:28:54,892:DEBUG:140207182411584:amqp.py:157:__del__:### ConnectionContext.__del__()
2018-03-26 04:28:54,892:DEBUG:140207182411584:amqp.py:136:_done:### ConnectionContext._done()
2018-03-26 04:28:54,892:INFO:140207182411584:heat-api.py:58:health_check:### Response: id=[4], host=[heat-1-engine], content=[I'm fine!]
2018-03-26 04:29:24,902:DEBUG:140207182411584:client.py:402:call:### RPCClient.call()
2018-03-26 04:29:24,903:DEBUG:140207182411584:client.py:342:prepare:### RPCClient.prepare()
2018-03-26 04:29:24,903:DEBUG:140207182411584:client.py:171:_prepare:### _CallContext._prepare()
2018-03-26 04:29:24,904:DEBUG:140207182411584:client.py:90:__init__:### _CallContext.__init__()
2018-03-26 04:29:24,904:DEBUG:140207182411584:client.py:146:call:### _CallContext.call()
2018-03-26 04:29:24,904:DEBUG:140207182411584:client.py:103:_make_message:### _CallContext._make_message()
2018-03-26 04:29:24,904:DEBUG:140207182411584:amqpdriver.py:444:send:### AMQPDriverBase.send()
2018-03-26 04:29:24,905:DEBUG:140207182411584:amqpdriver.py:391:_send:### AMQPDriverBase._send()
2018-03-26 04:29:24,905:DEBUG:140207182411584:amqpdriver.py:406:_send:MSG_ID is ab67d5ca0dff4e169fe7311dad95ecb2
2018-03-26 04:29:24,905:DEBUG:140207182411584:amqpdriver.py:371:_get_reply_q:### AMQPDriverBase._get_reply_q()
2018-03-26 04:29:24,905:DEBUG:140207182411584:amqp.py:259:_add_unique_id:### _add_unique_id()
2018-03-26 04:29:24,906:DEBUG:140207182411584:amqp.py:262:_add_unique_id:UNIQUE_ID is 1c7fe2327f134f7cadf1a5416eb961b6.
2018-03-26 04:29:24,906:DEBUG:140207182411584:amqp.py:218:pack_context:### pack_context()
2018-03-26 04:29:24,906:DEBUG:140207182411584:amqpdriver.py:217:listen:### ReplyWaiter.listen()
2018-03-26 04:29:24,906:DEBUG:140207182411584:amqpdriver.py:182:add:### ReplyWaiters.add()
2018-03-26 04:29:24,907:DEBUG:140207182411584:amqpdriver.py:363:_get_connection:### AMQPDriverBase._get_connection()
2018-03-26 04:29:24,907:DEBUG:140207182411584:amqp.py:116:__init__:### ConnectionContext.__init__()
2018-03-26 04:29:24,907:DEBUG:140207182411584:pool.py:59:get:### Pool.get()
2018-03-26 04:29:24,907:DEBUG:140207182411584:amqp.py:129:__enter__:### ConnectionContext.__enter__()
2018-03-26 04:29:24,907:DEBUG:140207182411584:amqp.py:167:__getattr__:### ConnectionContext.__getattr__()
2018-03-26 04:29:24,907:DEBUG:140207182411584:amqpdriver.py:359:_get_exchange:### AMQPDriverBase._get_exchange()
2018-03-26 04:29:24,908:DEBUG:140207182411584:impl_rabbit.py:843:topic_send:### Connection.topic_send()
2018-03-26 04:29:24,908:DEBUG:140207182411584:impl_rabbit.py:799:publisher_send:### Connection.publisher_send()
2018-03-26 04:29:24,908:DEBUG:140207182411584:impl_rabbit.py:681:ensure:### Connection.ensure()
2018-03-26 04:29:24,908:DEBUG:140207182411584:impl_rabbit.py:807:_publish:### Connection.publisher_send()._publish()
2018-03-26 04:29:24,908:DEBUG:140207182411584:impl_rabbit.py:386:__init__:### TopicPublisher.__init__()
2018-03-26 04:29:24,909:DEBUG:140207182411584:impl_rabbit.py:335:__init__:### Publisher.__init__()
2018-03-26 04:29:24,909:DEBUG:140207182411584:impl_rabbit.py:343:reconnect:### Publisher.reconnect()
2018-03-26 04:29:24,910:DEBUG:140207182411584:impl_rabbit.py:352:send:### Publisher.send()
2018-03-26 04:29:24,911:DEBUG:140207182411584:amqp.py:152:__exit__:### ConnectionContext.__exit__()
2018-03-26 04:29:24,911:DEBUG:140207182411584:amqp.py:136:_done:### ConnectionContext._done()
2018-03-26 04:29:24,911:DEBUG:140207182411584:impl_rabbit.py:721:reset:### Connection.reset()
2018-03-26 04:29:24,913:DEBUG:140207182411584:channel.py:106:_do_close:Closed channel #1
2018-03-26 04:29:24,918:DEBUG:140207182411584:channel.py:82:__init__:using channel_id: 1
2018-03-26 04:29:24,921:DEBUG:140207182411584:channel.py:440:_open_ok:Channel open
2018-03-26 04:29:24,921:DEBUG:140207182411584:pool.py:49:put:### Pool.put()
2018-03-26 04:29:24,921:DEBUG:140207182411584:amqpdriver.py:296:wait:### ReplyWaiter.wait()
2018-03-26 04:29:24,922:DEBUG:140207182411584:amqpdriver.py:274:_check_queue:### ReplyWaiter._check_queue()
2018-03-26 04:29:24,922:DEBUG:140207182411584:amqpdriver.py:158:check:### ReplyWaiters.check()
2018-03-26 04:29:24,922:DEBUG:140207182411584:amqpdriver.py:246:_poll_connection:### ReplyWaiter._poll_connection()
2018-03-26 04:29:24,922:DEBUG:140207182411584:amqp.py:167:__getattr__:### ConnectionContext.__getattr__()
2018-03-26 04:29:24,923:DEBUG:140207182411584:impl_rabbit.py:860:consume:### Connection.consume()
2018-03-26 04:29:24,923:DEBUG:140207182411584:impl_rabbit.py:751:iterconsume:### Connection.iterconsume()
2018-03-26 04:29:24,923:DEBUG:140207182411584:impl_rabbit.py:681:ensure:### Connection.ensure()
2018-03-26 04:29:24,923:DEBUG:140207182411584:impl_rabbit.py:771:_consume:### Connection.iterconsume()._consume()
2018-03-26 04:29:54,931:DEBUG:140207182411584:impl_rabbit.py:175:_callback_handler:### ConsumerBase._callback_handler()
2018-03-26 04:29:54,931:DEBUG:140207182411584:impl_rabbit.py:128:__init__:### RabbitMessage.__init__()
2018-03-26 04:29:54,931:DEBUG:140207182411584:amqpdriver.py:212:__call__:### ReplyWaiter.__call__()
2018-03-26 04:29:54,932:DEBUG:140207182411584:impl_rabbit.py:134:acknowledge:### RabbitMessage.acknowledge()
2018-03-26 04:29:54,932:DEBUG:140207182411584:amqpdriver.py:231:_process_reply:### ReplyWaiter._process_reply()
2018-03-26 04:29:54,932:DEBUG:140207182411584:amqpdriver.py:246:_poll_connection:### ReplyWaiter._poll_connection()
2018-03-26 04:29:54,933:DEBUG:140207182411584:amqp.py:167:__getattr__:### ConnectionContext.__getattr__()
2018-03-26 04:29:54,933:DEBUG:140207182411584:impl_rabbit.py:860:consume:### Connection.consume()
2018-03-26 04:29:54,933:DEBUG:140207182411584:impl_rabbit.py:751:iterconsume:### Connection.iterconsume()
2018-03-26 04:29:54,933:DEBUG:140207182411584:impl_rabbit.py:681:ensure:### Connection.ensure()
2018-03-26 04:29:54,934:DEBUG:140207182411584:impl_rabbit.py:771:_consume:### Connection.iterconsume()._consume()
2018-03-26 04:29:54,934:DEBUG:140207182411584:impl_rabbit.py:175:_callback_handler:### ConsumerBase._callback_handler()
2018-03-26 04:29:54,934:DEBUG:140207182411584:impl_rabbit.py:128:__init__:### RabbitMessage.__init__()
2018-03-26 04:29:54,935:DEBUG:140207182411584:amqpdriver.py:212:__call__:### ReplyWaiter.__call__()
2018-03-26 04:29:54,935:DEBUG:140207182411584:impl_rabbit.py:134:acknowledge:### RabbitMessage.acknowledge()
2018-03-26 04:29:54,935:DEBUG:140207182411584:amqpdriver.py:231:_process_reply:### ReplyWaiter._process_reply()
2018-03-26 04:29:54,935:DEBUG:140207182411584:amqpdriver.py:176:wake_all:### ReplyWaiters.wake_all()
2018-03-26 04:29:54,936:DEBUG:140207182411584:amqpdriver.py:222:unlisten:### ReplyWaiter.unlisten()
2018-03-26 04:29:54,936:DEBUG:140207182411584:amqpdriver.py:191:remove:### ReplyWaiters.remove()
2018-03-26 04:29:54,936:DEBUG:140207182411584:amqp.py:157:__del__:### ConnectionContext.__del__()
2018-03-26 04:29:54,936:DEBUG:140207182411584:amqp.py:136:_done:### ConnectionContext._done()
2018-03-26 04:29:54,936:INFO:140207182411584:heat-api.py:58:health_check:### Response: id=[5], host=[heat-1-engine], content=[I'm fine!]
2018-03-26 04:30:24,953:DEBUG:140207182411584:client.py:402:call:### RPCClient.call()
2018-03-26 04:30:24,954:DEBUG:140207182411584:client.py:342:prepare:### RPCClient.prepare()
2018-03-26 04:30:24,954:DEBUG:140207182411584:client.py:171:_prepare:### _CallContext._prepare()
2018-03-26 04:30:24,955:DEBUG:140207182411584:client.py:90:__init__:### _CallContext.__init__()
2018-03-26 04:30:24,955:DEBUG:140207182411584:client.py:146:call:### _CallContext.call()
2018-03-26 04:30:24,955:DEBUG:140207182411584:client.py:103:_make_message:### _CallContext._make_message()
2018-03-26 04:30:24,956:DEBUG:140207182411584:amqpdriver.py:444:send:### AMQPDriverBase.send()
2018-03-26 04:30:24,956:DEBUG:140207182411584:amqpdriver.py:391:_send:### AMQPDriverBase._send()
2018-03-26 04:30:24,957:DEBUG:140207182411584:amqpdriver.py:406:_send:MSG_ID is 5492295f89cf47f499ed6f06315a35fb
2018-03-26 04:30:24,957:DEBUG:140207182411584:amqpdriver.py:371:_get_reply_q:### AMQPDriverBase._get_reply_q()
2018-03-26 04:30:24,957:DEBUG:140207182411584:amqp.py:259:_add_unique_id:### _add_unique_id()
2018-03-26 04:30:24,958:DEBUG:140207182411584:amqp.py:262:_add_unique_id:UNIQUE_ID is 090dd328311540af9c984f1b259a102a.
2018-03-26 04:30:24,958:DEBUG:140207182411584:amqp.py:218:pack_context:### pack_context()
2018-03-26 04:30:24,958:DEBUG:140207182411584:amqpdriver.py:217:listen:### ReplyWaiter.listen()
2018-03-26 04:30:24,958:DEBUG:140207182411584:amqpdriver.py:182:add:### ReplyWaiters.add()
2018-03-26 04:30:24,958:DEBUG:140207182411584:amqpdriver.py:363:_get_connection:### AMQPDriverBase._get_connection()
2018-03-26 04:30:24,959:DEBUG:140207182411584:amqp.py:116:__init__:### ConnectionContext.__init__()
2018-03-26 04:30:24,959:DEBUG:140207182411584:pool.py:59:get:### Pool.get()
2018-03-26 04:30:24,959:DEBUG:140207182411584:amqp.py:129:__enter__:### ConnectionContext.__enter__()
2018-03-26 04:30:24,959:DEBUG:140207182411584:amqp.py:167:__getattr__:### ConnectionContext.__getattr__()
2018-03-26 04:30:24,959:DEBUG:140207182411584:amqpdriver.py:359:_get_exchange:### AMQPDriverBase._get_exchange()
2018-03-26 04:30:24,960:DEBUG:140207182411584:impl_rabbit.py:843:topic_send:### Connection.topic_send()
2018-03-26 04:30:24,960:DEBUG:140207182411584:impl_rabbit.py:799:publisher_send:### Connection.publisher_send()
2018-03-26 04:30:24,960:DEBUG:140207182411584:impl_rabbit.py:681:ensure:### Connection.ensure()
2018-03-26 04:30:24,960:DEBUG:140207182411584:impl_rabbit.py:807:_publish:### Connection.publisher_send()._publish()
2018-03-26 04:30:24,960:DEBUG:140207182411584:impl_rabbit.py:386:__init__:### TopicPublisher.__init__()
2018-03-26 04:30:24,960:DEBUG:140207182411584:impl_rabbit.py:335:__init__:### Publisher.__init__()
2018-03-26 04:30:24,961:DEBUG:140207182411584:impl_rabbit.py:343:reconnect:### Publisher.reconnect()
2018-03-26 04:30:24,962:DEBUG:140207182411584:impl_rabbit.py:352:send:### Publisher.send()
2018-03-26 04:30:24,963:DEBUG:140207182411584:amqp.py:152:__exit__:### ConnectionContext.__exit__()
2018-03-26 04:30:24,963:DEBUG:140207182411584:amqp.py:136:_done:### ConnectionContext._done()
2018-03-26 04:30:24,963:DEBUG:140207182411584:impl_rabbit.py:721:reset:### Connection.reset()
2018-03-26 04:30:24,966:DEBUG:140207182411584:channel.py:106:_do_close:Closed channel #1
2018-03-26 04:30:24,966:DEBUG:140207182411584:channel.py:82:__init__:using channel_id: 1
2018-03-26 04:30:24,970:DEBUG:140207182411584:channel.py:440:_open_ok:Channel open
2018-03-26 04:30:24,970:DEBUG:140207182411584:pool.py:49:put:### Pool.put()
2018-03-26 04:30:24,970:DEBUG:140207182411584:amqpdriver.py:296:wait:### ReplyWaiter.wait()
2018-03-26 04:30:24,970:DEBUG:140207182411584:amqpdriver.py:274:_check_queue:### ReplyWaiter._check_queue()
2018-03-26 04:30:24,970:DEBUG:140207182411584:amqpdriver.py:158:check:### ReplyWaiters.check()
2018-03-26 04:30:24,970:DEBUG:140207182411584:amqpdriver.py:246:_poll_connection:### ReplyWaiter._poll_connection()
2018-03-26 04:30:24,971:DEBUG:140207182411584:amqp.py:167:__getattr__:### ConnectionContext.__getattr__()
2018-03-26 04:30:24,971:DEBUG:140207182411584:impl_rabbit.py:860:consume:### Connection.consume()
2018-03-26 04:30:24,971:DEBUG:140207182411584:impl_rabbit.py:751:iterconsume:### Connection.iterconsume()
2018-03-26 04:30:24,971:DEBUG:140207182411584:impl_rabbit.py:681:ensure:### Connection.ensure()
2018-03-26 04:30:24,971:DEBUG:140207182411584:impl_rabbit.py:771:_consume:### Connection.iterconsume()._consume()
