2018-03-26 04:24:14,534:DEBUG:140364781144496:server.py:122:get_rpc_server:### get_rpc_server()
2018-03-26 04:24:14,534:DEBUG:140364781144496:dispatcher.py:100:__init__:### RPCDispatcher.__init__()
2018-03-26 04:24:14,534:DEBUG:140364781144496:server.py:84:__init__:### MessageHandlingServer.__init__()
2018-03-26 04:24:14,535:DEBUG:140364781144496:extension.py:156:_load_plugins:found extension EntryPoint.parse('blocking = oslo.messaging._executors.impl_blocking:BlockingExecutor')
2018-03-26 04:24:14,535:DEBUG:140364781144496:extension.py:156:_load_plugins:found extension EntryPoint.parse('eventlet = oslo.messaging._executors.impl_eventlet:EventletExecutor')
2018-03-26 04:24:14,538:DEBUG:140364781144496:server.py:116:start:### MessageHandlingServer.start()
2018-03-26 04:24:14,538:DEBUG:140364781144496:dispatcher.py:108:_listen:### RPCDispatcher._listen()
2018-03-26 04:24:14,538:DEBUG:140364781144496:amqpdriver.py:454:listen:### AMQPDriverBase.listen()
2018-03-26 04:24:14,539:DEBUG:140364781144496:amqpdriver.py:363:_get_connection:### AMQPDriverBase._get_connection()
2018-03-26 04:24:14,539:DEBUG:140364781144496:amqp.py:116:__init__:### ConnectionContext.__init__()
2018-03-26 04:24:14,539:DEBUG:140364781144496:impl_rabbit.py:446:__init__:### Connection.__init__()
2018-03-26 04:24:14,540:DEBUG:140364781144496:impl_rabbit.py:619:reconnect:### Connection.reconnect()
2018-03-26 04:24:14,540:DEBUG:140364781144496:impl_rabbit.py:588:_disconnect:### Connection._disconnect()
2018-03-26 04:24:14,540:DEBUG:140364781144496:impl_rabbit.py:566:_connect:### Connection._connect()
2018-03-26 04:24:14,540:INFO:140364781144496:impl_rabbit.py:568:_connect:Connecting to AMQP server on haproxy-2-rabbitmq:5673
2018-03-26 04:24:14,556:DEBUG:140364781144496:connection.py:755:_start:Start from server, version: 0.9, properties: {u'information': u'Licensed under the MPL.  See http://www.rabbitmq.com/', u'product': u'RabbitMQ', u'copyright': u'Copyright (C) 2007-2013 GoPivotal, Inc.', u'capabilities': {u'exchange_exchange_bindings': True, u'connection.blocked': True, u'authentication_failure_close': True, u'basic.nack': True, u'consumer_priorities': True, u'consumer_cancel_notify': True, u'publisher_confirms': True}, u'platform': u'Erlang/OTP', u'version': u'3.2.4'}, mechanisms: [u'AMQPLAIN', u'PLAIN'], locales: [u'en_US']
2018-03-26 04:24:14,558:DEBUG:140364781144496:connection.py:641:_open_ok:Open OK!
2018-03-26 04:24:14,559:DEBUG:140364781144496:channel.py:82:__init__:using channel_id: 1
2018-03-26 04:24:14,560:DEBUG:140364781144496:channel.py:440:_open_ok:Channel open
2018-03-26 04:24:14,560:INFO:140364781144496:impl_rabbit.py:585:_connect:Connected to AMQP server on haproxy-2-rabbitmq:5673
2018-03-26 04:24:14,560:DEBUG:140364781144496:amqpdriver.py:98:__init__:### AMQPListener.__init__()
2018-03-26 04:24:14,560:DEBUG:140364781144496:base.py:58:__init__:### Listener.__init__()
2018-03-26 04:24:14,561:DEBUG:140364781144496:amqp.py:167:__getattr__:### ConnectionContext.__getattr__()
2018-03-26 04:24:14,561:DEBUG:140364781144496:amqpdriver.py:359:_get_exchange:### AMQPDriverBase._get_exchange()
2018-03-26 04:24:14,561:DEBUG:140364781144496:impl_rabbit.py:824:declare_topic_consumer:### Connection.declare_topic_consumer()
2018-03-26 04:24:14,561:DEBUG:140364781144496:impl_rabbit.py:733:declare_consumer:### Connection.declare_consumer()
2018-03-26 04:24:14,561:DEBUG:140364781144496:impl_rabbit.py:681:ensure:### Connection.ensure()
2018-03-26 04:24:14,561:DEBUG:140364781144496:impl_rabbit.py:741:_declare_consumer:### Connection.declare_consumer()._declare_consumer()
2018-03-26 04:24:14,561:DEBUG:140364781144496:impl_rabbit.py:274:__init__:### TopicConsumer.__init__()
2018-03-26 04:24:14,561:DEBUG:140364781144496:impl_rabbit.py:122:_get_queue_arguments:### _get_queue_arguments()
2018-03-26 04:24:14,562:DEBUG:140364781144496:impl_rabbit.py:155:__init__:### ConsumerBase.__init__()
2018-03-26 04:24:14,562:DEBUG:140364781144496:impl_rabbit.py:164:reconnect:### ConsumerBase.reconnect()
2018-03-26 04:24:14,571:DEBUG:140364781144496:amqp.py:167:__getattr__:### ConnectionContext.__getattr__()
2018-03-26 04:24:14,572:DEBUG:140364781144496:amqpdriver.py:359:_get_exchange:### AMQPDriverBase._get_exchange()
2018-03-26 04:24:14,572:DEBUG:140364781144496:impl_rabbit.py:824:declare_topic_consumer:### Connection.declare_topic_consumer()
2018-03-26 04:24:14,572:DEBUG:140364781144496:impl_rabbit.py:733:declare_consumer:### Connection.declare_consumer()
2018-03-26 04:24:14,572:DEBUG:140364781144496:impl_rabbit.py:681:ensure:### Connection.ensure()
2018-03-26 04:24:14,573:DEBUG:140364781144496:impl_rabbit.py:741:_declare_consumer:### Connection.declare_consumer()._declare_consumer()
2018-03-26 04:24:14,574:DEBUG:140364781144496:impl_rabbit.py:274:__init__:### TopicConsumer.__init__()
2018-03-26 04:24:14,575:DEBUG:140364781144496:impl_rabbit.py:122:_get_queue_arguments:### _get_queue_arguments()
2018-03-26 04:24:14,576:DEBUG:140364781144496:impl_rabbit.py:155:__init__:### ConsumerBase.__init__()
2018-03-26 04:24:14,577:DEBUG:140364781144496:impl_rabbit.py:164:reconnect:### ConsumerBase.reconnect()
2018-03-26 04:24:14,614:DEBUG:140364781144496:amqp.py:167:__getattr__:### ConnectionContext.__getattr__()
2018-03-26 04:24:14,614:DEBUG:140364781144496:impl_rabbit.py:833:declare_fanout_consumer:### Connection.declare_fanout_consumer()
2018-03-26 04:24:14,614:DEBUG:140364781144496:impl_rabbit.py:733:declare_consumer:### Connection.declare_consumer()
2018-03-26 04:24:14,614:DEBUG:140364781144496:impl_rabbit.py:681:ensure:### Connection.ensure()
2018-03-26 04:24:14,615:DEBUG:140364781144496:impl_rabbit.py:741:_declare_consumer:### Connection.declare_consumer()._declare_consumer()
2018-03-26 04:24:14,615:DEBUG:140364781144496:impl_rabbit.py:307:__init__:### FanoutConsumer.__init__()
2018-03-26 04:24:14,615:DEBUG:140364781144496:impl_rabbit.py:122:_get_queue_arguments:### _get_queue_arguments()
2018-03-26 04:24:14,615:DEBUG:140364781144496:impl_rabbit.py:155:__init__:### ConsumerBase.__init__()
2018-03-26 04:24:14,615:DEBUG:140364781144496:impl_rabbit.py:164:reconnect:### ConsumerBase.reconnect()
2018-03-26 04:24:14,621:DEBUG:140364781144496:impl_eventlet.py:78:__init__:### EventletExecutor.__init__()
2018-03-26 04:24:14,622:DEBUG:140364781144496:impl_eventlet.py:85:start:### EventletExecutor.start()
2018-03-26 04:24:14,622:DEBUG:140364781144496:server.py:146:wait:### MessageHandlingServer.wait()
2018-03-26 04:24:14,622:DEBUG:140364781144496:impl_eventlet.py:108:wait:### EventletExecutor.wait()
2018-03-26 04:24:14,622:DEBUG:140364718371056:amqpdriver.py:120:poll:### AMQPListener.poll()
2018-03-26 04:24:14,622:DEBUG:140364718371056:amqp.py:167:__getattr__:### ConnectionContext.__getattr__()
2018-03-26 04:24:14,622:DEBUG:140364718371056:impl_rabbit.py:860:consume:### Connection.consume()
2018-03-26 04:24:14,622:DEBUG:140364718371056:impl_rabbit.py:751:iterconsume:### Connection.iterconsume()
2018-03-26 04:24:14,622:DEBUG:140364718371056:impl_rabbit.py:681:ensure:### Connection.ensure()
2018-03-26 04:24:14,623:DEBUG:140364718371056:impl_rabbit.py:771:_consume:### Connection.iterconsume()._consume()
2018-03-26 04:24:14,623:DEBUG:140364718371056:impl_rabbit.py:197:consume:### ConsumerBase.consume()
2018-03-26 04:24:14,623:DEBUG:140364718371056:impl_rabbit.py:197:consume:### ConsumerBase.consume()
2018-03-26 04:24:14,623:DEBUG:140364718371056:impl_rabbit.py:197:consume:### ConsumerBase.consume()
2018-03-26 04:25:24,659:DEBUG:140364718371056:impl_rabbit.py:175:_callback_handler:### ConsumerBase._callback_handler()
2018-03-26 04:25:24,659:DEBUG:140364718371056:impl_rabbit.py:128:__init__:### RabbitMessage.__init__()
2018-03-26 04:25:24,660:DEBUG:140364718371056:amqpdriver.py:106:__call__:### AMQPListener.__call__()
2018-03-26 04:25:24,661:DEBUG:140364718371056:common.py:178:_safe_log:received {u'_msg_id': u'3583c3aebdd94942a6191a1e2611b867', u'_reply_q': u'reply_a0819009aff748f68a384cdb20d45e0f', u'args': {u'host': u'heat-1-api', u'seqid': 1, u'req': u'How are you?'}, u'_unique_id': u'c941298bf810446f8ed400ddcc8ebd5b', u'version': u'1.0', u'method': u'health_check'}
2018-03-26 04:25:24,661:DEBUG:140364718371056:amqp.py:194:unpack_context:### unpack_context()
2018-03-26 04:25:24,661:DEBUG:140364718371056:amqp.py:177:__init__:### RpcContext.__init__()
2018-03-26 04:25:24,661:DEBUG:140364718371056:common.py:178:_safe_log:unpacked context: {}
2018-03-26 04:25:24,662:DEBUG:140364718371056:amqpdriver.py:37:__init__:### AMQPIncomingMessage.__init__()
2018-03-26 04:25:24,662:DEBUG:140364718371056:base.py:33:__init__:### IncomingMessage.__init__()
2018-03-26 04:25:24,662:DEBUG:140364718371056:impl_eventlet.py:43:spawn_with:### spawn_with()
2018-03-26 04:25:24,662:DEBUG:140364718371056:dispatcher.py:133:__call__:### RPCDispatcher.__call__()
2018-03-26 04:25:24,663:DEBUG:140364718371056:amqpdriver.py:80:acknowledge:### AMQPIncomingMessage.acknowledge()
2018-03-26 04:25:24,663:DEBUG:140364718371056:impl_rabbit.py:134:acknowledge:### RabbitMessage.acknowledge()
2018-03-26 04:25:24,663:DEBUG:140364718371056:amqpdriver.py:120:poll:### AMQPListener.poll()
2018-03-26 04:25:24,663:DEBUG:140364718371056:amqp.py:167:__getattr__:### ConnectionContext.__getattr__()
2018-03-26 04:25:24,664:DEBUG:140364718371056:impl_rabbit.py:860:consume:### Connection.consume()
2018-03-26 04:25:24,664:DEBUG:140364718371056:impl_rabbit.py:751:iterconsume:### Connection.iterconsume()
2018-03-26 04:25:24,664:DEBUG:140364718371056:impl_rabbit.py:681:ensure:### Connection.ensure()
2018-03-26 04:25:24,664:DEBUG:140364718371056:impl_rabbit.py:771:_consume:### Connection.iterconsume()._consume()
2018-03-26 04:25:24,665:DEBUG:140364718371376:dispatcher.py:138:_dispatch_and_reply:### RPCDispatcher._dispatch_and_reply()
2018-03-26 04:25:24,665:DEBUG:140364718371376:dispatcher.py:166:_dispatch:### RPCDispatcher._dispatch()
2018-03-26 04:25:24,665:DEBUG:140364718371376:dispatcher.py:113:_is_namespace:### RPCDispatcher._is_namespace()
2018-03-26 04:25:24,666:DEBUG:140364718371376:dispatcher.py:118:_is_compatible:### RPCDispatcher._is_compatible()
2018-03-26 04:25:24,666:DEBUG:140364718371376:dispatcher.py:123:_do_dispatch:### RPCDispatcher._do_dispatch()
2018-03-26 04:25:24,666:INFO:140364718371376:heat-engine.py:42:health_check:### Request: id=[1], host=[heat-1-api], content=[How are you?]
2018-03-26 04:25:54,667:DEBUG:140364718371376:amqpdriver.py:70:reply:### AMQPIncomingMessage.reply()
2018-03-26 04:25:54,667:DEBUG:140364718371376:amqpdriver.py:363:_get_connection:### AMQPDriverBase._get_connection()
2018-03-26 04:25:54,667:DEBUG:140364718371376:amqp.py:116:__init__:### ConnectionContext.__init__()
2018-03-26 04:25:54,668:DEBUG:140364718371376:pool.py:59:get:### Pool.get()
2018-03-26 04:25:54,668:DEBUG:140364718371376:amqp.py:69:create:### ConnectionPool.create()
2018-03-26 04:25:54,668:DEBUG:140364718371376:amqp.py:70:create:Pool creating new connection
2018-03-26 04:25:54,668:DEBUG:140364718371376:impl_rabbit.py:446:__init__:### Connection.__init__()
2018-03-26 04:25:54,669:DEBUG:140364718371376:impl_rabbit.py:619:reconnect:### Connection.reconnect()
2018-03-26 04:25:54,669:DEBUG:140364718371376:impl_rabbit.py:588:_disconnect:### Connection._disconnect()
2018-03-26 04:25:54,670:DEBUG:140364718371376:impl_rabbit.py:566:_connect:### Connection._connect()
2018-03-26 04:25:54,670:INFO:140364718371376:impl_rabbit.py:568:_connect:Connecting to AMQP server on haproxy-2-rabbitmq:5673
2018-03-26 04:25:54,679:DEBUG:140364718371376:connection.py:755:_start:Start from server, version: 0.9, properties: {u'information': u'Licensed under the MPL.  See http://www.rabbitmq.com/', u'product': u'RabbitMQ', u'copyright': u'Copyright (C) 2007-2013 GoPivotal, Inc.', u'capabilities': {u'exchange_exchange_bindings': True, u'connection.blocked': True, u'authentication_failure_close': True, u'basic.nack': True, u'consumer_priorities': True, u'consumer_cancel_notify': True, u'publisher_confirms': True}, u'platform': u'Erlang/OTP', u'version': u'3.2.4'}, mechanisms: [u'AMQPLAIN', u'PLAIN'], locales: [u'en_US']
2018-03-26 04:25:54,681:DEBUG:140364718371376:connection.py:641:_open_ok:Open OK!
2018-03-26 04:25:54,681:DEBUG:140364718371376:channel.py:82:__init__:using channel_id: 1
2018-03-26 04:25:54,688:DEBUG:140364718371376:channel.py:440:_open_ok:Channel open
2018-03-26 04:25:54,688:INFO:140364718371376:impl_rabbit.py:585:_connect:Connected to AMQP server on haproxy-2-rabbitmq:5673
2018-03-26 04:25:54,689:DEBUG:140364718371376:amqp.py:129:__enter__:### ConnectionContext.__enter__()
2018-03-26 04:25:54,689:DEBUG:140364718371376:amqpdriver.py:49:_send_reply:### AMQPIncomingMessage._send_reply()
2018-03-26 04:25:54,689:DEBUG:140364718371376:amqp.py:259:_add_unique_id:### _add_unique_id()
2018-03-26 04:25:54,689:DEBUG:140364718371376:amqp.py:262:_add_unique_id:UNIQUE_ID is ae36095d74ca4b538e72def244c32af9.
2018-03-26 04:25:54,689:DEBUG:140364718371376:amqp.py:167:__getattr__:### ConnectionContext.__getattr__()
2018-03-26 04:25:54,690:DEBUG:140364718371376:impl_rabbit.py:838:direct_send:### Connection.direct_send()
2018-03-26 04:25:54,690:DEBUG:140364718371376:impl_rabbit.py:799:publisher_send:### Connection.publisher_send()
2018-03-26 04:25:54,690:DEBUG:140364718371376:impl_rabbit.py:681:ensure:### Connection.ensure()
2018-03-26 04:25:54,690:DEBUG:140364718371376:impl_rabbit.py:807:_publish:### Connection.publisher_send()._publish()
2018-03-26 04:25:54,690:DEBUG:140364718371376:impl_rabbit.py:369:__init__:### DirectPublisher.__init__()
2018-03-26 04:25:54,691:DEBUG:140364718371376:impl_rabbit.py:335:__init__:### Publisher.__init__()
2018-03-26 04:25:54,691:DEBUG:140364718371376:impl_rabbit.py:343:reconnect:### Publisher.reconnect()
2018-03-26 04:25:54,692:DEBUG:140364718371376:impl_rabbit.py:352:send:### Publisher.send()
2018-03-26 04:25:54,692:DEBUG:140364718371376:amqpdriver.py:49:_send_reply:### AMQPIncomingMessage._send_reply()
2018-03-26 04:25:54,693:DEBUG:140364718371376:amqp.py:259:_add_unique_id:### _add_unique_id()
2018-03-26 04:25:54,693:DEBUG:140364718371376:amqp.py:262:_add_unique_id:UNIQUE_ID is b78af4d99d4640afa75483735b2f2141.
2018-03-26 04:25:54,693:DEBUG:140364718371376:amqp.py:167:__getattr__:### ConnectionContext.__getattr__()
2018-03-26 04:25:54,693:DEBUG:140364718371376:impl_rabbit.py:838:direct_send:### Connection.direct_send()
2018-03-26 04:25:54,694:DEBUG:140364718371376:impl_rabbit.py:799:publisher_send:### Connection.publisher_send()
2018-03-26 04:25:54,694:DEBUG:140364718371376:impl_rabbit.py:681:ensure:### Connection.ensure()
2018-03-26 04:25:54,694:DEBUG:140364718371376:impl_rabbit.py:807:_publish:### Connection.publisher_send()._publish()
2018-03-26 04:25:54,694:DEBUG:140364718371376:impl_rabbit.py:369:__init__:### DirectPublisher.__init__()
2018-03-26 04:25:54,695:DEBUG:140364718371376:impl_rabbit.py:335:__init__:### Publisher.__init__()
2018-03-26 04:25:54,695:DEBUG:140364718371376:impl_rabbit.py:343:reconnect:### Publisher.reconnect()
2018-03-26 04:25:54,701:DEBUG:140364718371376:impl_rabbit.py:352:send:### Publisher.send()
2018-03-26 04:25:54,702:DEBUG:140364718371376:amqp.py:152:__exit__:### ConnectionContext.__exit__()
2018-03-26 04:25:54,702:DEBUG:140364718371376:amqp.py:136:_done:### ConnectionContext._done()
2018-03-26 04:25:54,702:DEBUG:140364718371376:impl_rabbit.py:721:reset:### Connection.reset()
2018-03-26 04:25:54,707:DEBUG:140364718371376:channel.py:106:_do_close:Closed channel #1
2018-03-26 04:25:54,707:DEBUG:140364718371376:channel.py:82:__init__:using channel_id: 1
2018-03-26 04:25:54,709:DEBUG:140364718371376:channel.py:440:_open_ok:Channel open
2018-03-26 04:25:54,709:DEBUG:140364718371376:pool.py:49:put:### Pool.put()
2018-03-26 04:25:54,709:DEBUG:140364718371376:amqp.py:157:__del__:### ConnectionContext.__del__()
2018-03-26 04:25:54,709:DEBUG:140364718371376:amqp.py:136:_done:### ConnectionContext._done()
2018-03-26 04:25:54,709:DEBUG:140364718371376:impl_eventlet.py:46:complete:### spawn_with().complete()
2018-03-26 04:26:24,747:DEBUG:140364718371056:impl_rabbit.py:175:_callback_handler:### ConsumerBase._callback_handler()
2018-03-26 04:26:24,747:DEBUG:140364718371056:impl_rabbit.py:128:__init__:### RabbitMessage.__init__()
2018-03-26 04:26:24,748:DEBUG:140364718371056:amqpdriver.py:106:__call__:### AMQPListener.__call__()
2018-03-26 04:26:24,748:DEBUG:140364718371056:common.py:178:_safe_log:received {u'_msg_id': u'a53465f744f243e6ada1d03d33f50d63', u'_reply_q': u'reply_a0819009aff748f68a384cdb20d45e0f', u'args': {u'host': u'heat-1-api', u'seqid': 2, u'req': u'How are you?'}, u'_unique_id': u'317061c319dd49649d9b18c5b3d831d5', u'version': u'1.0', u'method': u'health_check'}
2018-03-26 04:26:24,748:DEBUG:140364718371056:amqp.py:194:unpack_context:### unpack_context()
2018-03-26 04:26:24,748:DEBUG:140364718371056:amqp.py:177:__init__:### RpcContext.__init__()
2018-03-26 04:26:24,748:DEBUG:140364718371056:common.py:178:_safe_log:unpacked context: {}
2018-03-26 04:26:24,749:DEBUG:140364718371056:amqpdriver.py:37:__init__:### AMQPIncomingMessage.__init__()
2018-03-26 04:26:24,749:DEBUG:140364718371056:base.py:33:__init__:### IncomingMessage.__init__()
2018-03-26 04:26:24,749:DEBUG:140364718371056:impl_eventlet.py:43:spawn_with:### spawn_with()
2018-03-26 04:26:24,749:DEBUG:140364718371056:dispatcher.py:133:__call__:### RPCDispatcher.__call__()
2018-03-26 04:26:24,749:DEBUG:140364718371056:amqpdriver.py:80:acknowledge:### AMQPIncomingMessage.acknowledge()
2018-03-26 04:26:24,749:DEBUG:140364718371056:impl_rabbit.py:134:acknowledge:### RabbitMessage.acknowledge()
2018-03-26 04:26:24,750:DEBUG:140364718371056:amqpdriver.py:120:poll:### AMQPListener.poll()
2018-03-26 04:26:24,750:DEBUG:140364718371056:amqp.py:167:__getattr__:### ConnectionContext.__getattr__()
2018-03-26 04:26:24,750:DEBUG:140364718371056:impl_rabbit.py:860:consume:### Connection.consume()
2018-03-26 04:26:24,751:DEBUG:140364718371056:impl_rabbit.py:751:iterconsume:### Connection.iterconsume()
2018-03-26 04:26:24,751:DEBUG:140364718371056:impl_rabbit.py:681:ensure:### Connection.ensure()
2018-03-26 04:26:24,751:DEBUG:140364718371056:impl_rabbit.py:771:_consume:### Connection.iterconsume()._consume()
2018-03-26 04:26:24,751:DEBUG:140364718371216:dispatcher.py:138:_dispatch_and_reply:### RPCDispatcher._dispatch_and_reply()
2018-03-26 04:26:24,751:DEBUG:140364718371216:dispatcher.py:166:_dispatch:### RPCDispatcher._dispatch()
2018-03-26 04:26:24,751:DEBUG:140364718371216:dispatcher.py:113:_is_namespace:### RPCDispatcher._is_namespace()
2018-03-26 04:26:24,751:DEBUG:140364718371216:dispatcher.py:118:_is_compatible:### RPCDispatcher._is_compatible()
2018-03-26 04:26:24,752:DEBUG:140364718371216:dispatcher.py:123:_do_dispatch:### RPCDispatcher._do_dispatch()
2018-03-26 04:26:24,752:INFO:140364718371216:heat-engine.py:42:health_check:### Request: id=[2], host=[heat-1-api], content=[How are you?]
2018-03-26 04:26:54,753:DEBUG:140364718371216:amqpdriver.py:70:reply:### AMQPIncomingMessage.reply()
2018-03-26 04:26:54,754:DEBUG:140364718371216:amqpdriver.py:363:_get_connection:### AMQPDriverBase._get_connection()
2018-03-26 04:26:54,754:DEBUG:140364718371216:amqp.py:116:__init__:### ConnectionContext.__init__()
2018-03-26 04:26:54,754:DEBUG:140364718371216:pool.py:59:get:### Pool.get()
2018-03-26 04:26:54,754:DEBUG:140364718371216:amqp.py:129:__enter__:### ConnectionContext.__enter__()
2018-03-26 04:26:54,754:DEBUG:140364718371216:amqpdriver.py:49:_send_reply:### AMQPIncomingMessage._send_reply()
2018-03-26 04:26:54,755:DEBUG:140364718371216:amqp.py:259:_add_unique_id:### _add_unique_id()
2018-03-26 04:26:54,755:DEBUG:140364718371216:amqp.py:262:_add_unique_id:UNIQUE_ID is e2ce252af9fe47c3a76eee41157f0d7f.
2018-03-26 04:26:54,755:DEBUG:140364718371216:amqp.py:167:__getattr__:### ConnectionContext.__getattr__()
2018-03-26 04:26:54,755:DEBUG:140364718371216:impl_rabbit.py:838:direct_send:### Connection.direct_send()
2018-03-26 04:26:54,755:DEBUG:140364718371216:impl_rabbit.py:799:publisher_send:### Connection.publisher_send()
2018-03-26 04:26:54,756:DEBUG:140364718371216:impl_rabbit.py:681:ensure:### Connection.ensure()
2018-03-26 04:26:54,756:DEBUG:140364718371216:impl_rabbit.py:807:_publish:### Connection.publisher_send()._publish()
2018-03-26 04:26:54,756:DEBUG:140364718371216:impl_rabbit.py:369:__init__:### DirectPublisher.__init__()
2018-03-26 04:26:54,756:DEBUG:140364718371216:impl_rabbit.py:335:__init__:### Publisher.__init__()
2018-03-26 04:26:54,756:DEBUG:140364718371216:impl_rabbit.py:343:reconnect:### Publisher.reconnect()
2018-03-26 04:26:54,758:DEBUG:140364718371216:impl_rabbit.py:352:send:### Publisher.send()
2018-03-26 04:26:54,758:DEBUG:140364718371216:amqpdriver.py:49:_send_reply:### AMQPIncomingMessage._send_reply()
2018-03-26 04:26:54,759:DEBUG:140364718371216:amqp.py:259:_add_unique_id:### _add_unique_id()
2018-03-26 04:26:54,759:DEBUG:140364718371216:amqp.py:262:_add_unique_id:UNIQUE_ID is 39ced43f342140c6bed64cb78115128f.
2018-03-26 04:26:54,760:DEBUG:140364718371216:amqp.py:167:__getattr__:### ConnectionContext.__getattr__()
2018-03-26 04:26:54,760:DEBUG:140364718371216:impl_rabbit.py:838:direct_send:### Connection.direct_send()
2018-03-26 04:26:54,760:DEBUG:140364718371216:impl_rabbit.py:799:publisher_send:### Connection.publisher_send()
2018-03-26 04:26:54,760:DEBUG:140364718371216:impl_rabbit.py:681:ensure:### Connection.ensure()
2018-03-26 04:26:54,760:DEBUG:140364718371216:impl_rabbit.py:807:_publish:### Connection.publisher_send()._publish()
2018-03-26 04:26:54,760:DEBUG:140364718371216:impl_rabbit.py:369:__init__:### DirectPublisher.__init__()
2018-03-26 04:26:54,761:DEBUG:140364718371216:impl_rabbit.py:335:__init__:### Publisher.__init__()
2018-03-26 04:26:54,761:DEBUG:140364718371216:impl_rabbit.py:343:reconnect:### Publisher.reconnect()
2018-03-26 04:26:54,762:DEBUG:140364718371216:impl_rabbit.py:352:send:### Publisher.send()
2018-03-26 04:26:54,763:DEBUG:140364718371216:amqp.py:152:__exit__:### ConnectionContext.__exit__()
2018-03-26 04:26:54,763:DEBUG:140364718371216:amqp.py:136:_done:### ConnectionContext._done()
2018-03-26 04:26:54,763:DEBUG:140364718371216:impl_rabbit.py:721:reset:### Connection.reset()
2018-03-26 04:26:54,769:DEBUG:140364718371216:channel.py:106:_do_close:Closed channel #1
2018-03-26 04:26:54,772:DEBUG:140364718371216:channel.py:82:__init__:using channel_id: 1
2018-03-26 04:26:54,774:DEBUG:140364718371216:channel.py:440:_open_ok:Channel open
2018-03-26 04:26:54,774:DEBUG:140364718371216:pool.py:49:put:### Pool.put()
2018-03-26 04:26:54,774:DEBUG:140364718371216:amqp.py:157:__del__:### ConnectionContext.__del__()
2018-03-26 04:26:54,774:DEBUG:140364718371216:amqp.py:136:_done:### ConnectionContext._done()
2018-03-26 04:26:54,775:DEBUG:140364718371216:impl_eventlet.py:46:complete:### spawn_with().complete()
2018-03-26 04:27:24,798:DEBUG:140364718371056:impl_rabbit.py:175:_callback_handler:### ConsumerBase._callback_handler()
2018-03-26 04:27:24,799:DEBUG:140364718371056:impl_rabbit.py:128:__init__:### RabbitMessage.__init__()
2018-03-26 04:27:24,799:DEBUG:140364718371056:amqpdriver.py:106:__call__:### AMQPListener.__call__()
2018-03-26 04:27:24,799:DEBUG:140364718371056:common.py:178:_safe_log:received {u'_msg_id': u'410b103f93444d2588c225139454178c', u'_reply_q': u'reply_a0819009aff748f68a384cdb20d45e0f', u'args': {u'host': u'heat-1-api', u'seqid': 3, u'req': u'How are you?'}, u'_unique_id': u'b66c5ce6c645487b90e12b3d3d727e48', u'version': u'1.0', u'method': u'health_check'}
2018-03-26 04:27:24,800:DEBUG:140364718371056:amqp.py:194:unpack_context:### unpack_context()
2018-03-26 04:27:24,800:DEBUG:140364718371056:amqp.py:177:__init__:### RpcContext.__init__()
2018-03-26 04:27:24,800:DEBUG:140364718371056:common.py:178:_safe_log:unpacked context: {}
2018-03-26 04:27:24,800:DEBUG:140364718371056:amqpdriver.py:37:__init__:### AMQPIncomingMessage.__init__()
2018-03-26 04:27:24,800:DEBUG:140364718371056:base.py:33:__init__:### IncomingMessage.__init__()
2018-03-26 04:27:24,801:DEBUG:140364718371056:impl_eventlet.py:43:spawn_with:### spawn_with()
2018-03-26 04:27:24,801:DEBUG:140364718371056:dispatcher.py:133:__call__:### RPCDispatcher.__call__()
2018-03-26 04:27:24,801:DEBUG:140364718371056:amqpdriver.py:80:acknowledge:### AMQPIncomingMessage.acknowledge()
2018-03-26 04:27:24,801:DEBUG:140364718371056:impl_rabbit.py:134:acknowledge:### RabbitMessage.acknowledge()
2018-03-26 04:27:24,802:DEBUG:140364718371056:amqpdriver.py:120:poll:### AMQPListener.poll()
2018-03-26 04:27:24,802:DEBUG:140364718371056:amqp.py:167:__getattr__:### ConnectionContext.__getattr__()
2018-03-26 04:27:24,802:DEBUG:140364718371056:impl_rabbit.py:860:consume:### Connection.consume()
2018-03-26 04:27:24,802:DEBUG:140364718371056:impl_rabbit.py:751:iterconsume:### Connection.iterconsume()
2018-03-26 04:27:24,803:DEBUG:140364718371056:impl_rabbit.py:681:ensure:### Connection.ensure()
2018-03-26 04:27:24,803:DEBUG:140364718371056:impl_rabbit.py:771:_consume:### Connection.iterconsume()._consume()
2018-03-26 04:27:24,803:DEBUG:140364718371376:dispatcher.py:138:_dispatch_and_reply:### RPCDispatcher._dispatch_and_reply()
2018-03-26 04:27:24,803:DEBUG:140364718371376:dispatcher.py:166:_dispatch:### RPCDispatcher._dispatch()
2018-03-26 04:27:24,804:DEBUG:140364718371376:dispatcher.py:113:_is_namespace:### RPCDispatcher._is_namespace()
2018-03-26 04:27:24,804:DEBUG:140364718371376:dispatcher.py:118:_is_compatible:### RPCDispatcher._is_compatible()
2018-03-26 04:27:24,804:DEBUG:140364718371376:dispatcher.py:123:_do_dispatch:### RPCDispatcher._do_dispatch()
2018-03-26 04:27:24,804:INFO:140364718371376:heat-engine.py:42:health_check:### Request: id=[3], host=[heat-1-api], content=[How are you?]
2018-03-26 04:27:54,805:DEBUG:140364718371376:amqpdriver.py:70:reply:### AMQPIncomingMessage.reply()
2018-03-26 04:27:54,805:DEBUG:140364718371376:amqpdriver.py:363:_get_connection:### AMQPDriverBase._get_connection()
2018-03-26 04:27:54,805:DEBUG:140364718371376:amqp.py:116:__init__:### ConnectionContext.__init__()
2018-03-26 04:27:54,805:DEBUG:140364718371376:pool.py:59:get:### Pool.get()
2018-03-26 04:27:54,805:DEBUG:140364718371376:amqp.py:129:__enter__:### ConnectionContext.__enter__()
2018-03-26 04:27:54,806:DEBUG:140364718371376:amqpdriver.py:49:_send_reply:### AMQPIncomingMessage._send_reply()
2018-03-26 04:27:54,806:DEBUG:140364718371376:amqp.py:259:_add_unique_id:### _add_unique_id()
2018-03-26 04:27:54,806:DEBUG:140364718371376:amqp.py:262:_add_unique_id:UNIQUE_ID is 9fc86d80e6964497aaeb896cad76ca65.
2018-03-26 04:27:54,806:DEBUG:140364718371376:amqp.py:167:__getattr__:### ConnectionContext.__getattr__()
2018-03-26 04:27:54,806:DEBUG:140364718371376:impl_rabbit.py:838:direct_send:### Connection.direct_send()
2018-03-26 04:27:54,806:DEBUG:140364718371376:impl_rabbit.py:799:publisher_send:### Connection.publisher_send()
2018-03-26 04:27:54,807:DEBUG:140364718371376:impl_rabbit.py:681:ensure:### Connection.ensure()
2018-03-26 04:27:54,807:DEBUG:140364718371376:impl_rabbit.py:807:_publish:### Connection.publisher_send()._publish()
2018-03-26 04:27:54,807:DEBUG:140364718371376:impl_rabbit.py:369:__init__:### DirectPublisher.__init__()
2018-03-26 04:27:54,807:DEBUG:140364718371376:impl_rabbit.py:335:__init__:### Publisher.__init__()
2018-03-26 04:27:54,807:DEBUG:140364718371376:impl_rabbit.py:343:reconnect:### Publisher.reconnect()
2018-03-26 04:27:54,812:DEBUG:140364718371376:impl_rabbit.py:352:send:### Publisher.send()
2018-03-26 04:27:54,813:DEBUG:140364718371376:amqpdriver.py:49:_send_reply:### AMQPIncomingMessage._send_reply()
2018-03-26 04:27:54,813:DEBUG:140364718371376:amqp.py:259:_add_unique_id:### _add_unique_id()
2018-03-26 04:27:54,813:DEBUG:140364718371376:amqp.py:262:_add_unique_id:UNIQUE_ID is ade663a609824260aa7052a83c21cf3c.
2018-03-26 04:27:54,813:DEBUG:140364718371376:amqp.py:167:__getattr__:### ConnectionContext.__getattr__()
2018-03-26 04:27:54,813:DEBUG:140364718371376:impl_rabbit.py:838:direct_send:### Connection.direct_send()
2018-03-26 04:27:54,814:DEBUG:140364718371376:impl_rabbit.py:799:publisher_send:### Connection.publisher_send()
2018-03-26 04:27:54,814:DEBUG:140364718371376:impl_rabbit.py:681:ensure:### Connection.ensure()
2018-03-26 04:27:54,814:DEBUG:140364718371376:impl_rabbit.py:807:_publish:### Connection.publisher_send()._publish()
2018-03-26 04:27:54,814:DEBUG:140364718371376:impl_rabbit.py:369:__init__:### DirectPublisher.__init__()
2018-03-26 04:27:54,814:DEBUG:140364718371376:impl_rabbit.py:335:__init__:### Publisher.__init__()
2018-03-26 04:27:54,815:DEBUG:140364718371376:impl_rabbit.py:343:reconnect:### Publisher.reconnect()
2018-03-26 04:27:54,818:DEBUG:140364718371376:impl_rabbit.py:352:send:### Publisher.send()
2018-03-26 04:27:54,819:DEBUG:140364718371376:amqp.py:152:__exit__:### ConnectionContext.__exit__()
2018-03-26 04:27:54,819:DEBUG:140364718371376:amqp.py:136:_done:### ConnectionContext._done()
2018-03-26 04:27:54,820:DEBUG:140364718371376:impl_rabbit.py:721:reset:### Connection.reset()
2018-03-26 04:27:54,821:DEBUG:140364718371376:channel.py:106:_do_close:Closed channel #1
2018-03-26 04:27:54,822:DEBUG:140364718371376:channel.py:82:__init__:using channel_id: 1
2018-03-26 04:27:54,823:DEBUG:140364718371376:channel.py:440:_open_ok:Channel open
2018-03-26 04:27:54,824:DEBUG:140364718371376:pool.py:49:put:### Pool.put()
2018-03-26 04:27:54,824:DEBUG:140364718371376:amqp.py:157:__del__:### ConnectionContext.__del__()
2018-03-26 04:27:54,824:DEBUG:140364718371376:amqp.py:136:_done:### ConnectionContext._done()
2018-03-26 04:27:54,824:DEBUG:140364718371376:impl_eventlet.py:46:complete:### spawn_with().complete()
2018-03-26 04:28:24,864:DEBUG:140364718371056:impl_rabbit.py:175:_callback_handler:### ConsumerBase._callback_handler()
2018-03-26 04:28:24,864:DEBUG:140364718371056:impl_rabbit.py:128:__init__:### RabbitMessage.__init__()
2018-03-26 04:28:24,864:DEBUG:140364718371056:amqpdriver.py:106:__call__:### AMQPListener.__call__()
2018-03-26 04:28:24,865:DEBUG:140364718371056:common.py:178:_safe_log:received {u'_msg_id': u'e7191aac473643ab8f43e46363d0bd48', u'_reply_q': u'reply_a0819009aff748f68a384cdb20d45e0f', u'args': {u'host': u'heat-1-api', u'seqid': 4, u'req': u'How are you?'}, u'_unique_id': u'432d46b074f24927bb1416e4fd0b4c14', u'version': u'1.0', u'method': u'health_check'}
2018-03-26 04:28:24,865:DEBUG:140364718371056:amqp.py:194:unpack_context:### unpack_context()
2018-03-26 04:28:24,865:DEBUG:140364718371056:amqp.py:177:__init__:### RpcContext.__init__()
2018-03-26 04:28:24,866:DEBUG:140364718371056:common.py:178:_safe_log:unpacked context: {}
2018-03-26 04:28:24,866:DEBUG:140364718371056:amqpdriver.py:37:__init__:### AMQPIncomingMessage.__init__()
2018-03-26 04:28:24,866:DEBUG:140364718371056:base.py:33:__init__:### IncomingMessage.__init__()
2018-03-26 04:28:24,866:DEBUG:140364718371056:impl_eventlet.py:43:spawn_with:### spawn_with()
2018-03-26 04:28:24,867:DEBUG:140364718371056:dispatcher.py:133:__call__:### RPCDispatcher.__call__()
2018-03-26 04:28:24,867:DEBUG:140364718371056:amqpdriver.py:80:acknowledge:### AMQPIncomingMessage.acknowledge()
2018-03-26 04:28:24,867:DEBUG:140364718371056:impl_rabbit.py:134:acknowledge:### RabbitMessage.acknowledge()
2018-03-26 04:28:24,867:DEBUG:140364718371056:amqpdriver.py:120:poll:### AMQPListener.poll()
2018-03-26 04:28:24,868:DEBUG:140364718371056:amqp.py:167:__getattr__:### ConnectionContext.__getattr__()
2018-03-26 04:28:24,868:DEBUG:140364718371056:impl_rabbit.py:860:consume:### Connection.consume()
2018-03-26 04:28:24,868:DEBUG:140364718371056:impl_rabbit.py:751:iterconsume:### Connection.iterconsume()
2018-03-26 04:28:24,868:DEBUG:140364718371056:impl_rabbit.py:681:ensure:### Connection.ensure()
2018-03-26 04:28:24,869:DEBUG:140364718371056:impl_rabbit.py:771:_consume:### Connection.iterconsume()._consume()
2018-03-26 04:28:24,869:DEBUG:140364718371216:dispatcher.py:138:_dispatch_and_reply:### RPCDispatcher._dispatch_and_reply()
2018-03-26 04:28:24,869:DEBUG:140364718371216:dispatcher.py:166:_dispatch:### RPCDispatcher._dispatch()
2018-03-26 04:28:24,869:DEBUG:140364718371216:dispatcher.py:113:_is_namespace:### RPCDispatcher._is_namespace()
2018-03-26 04:28:24,869:DEBUG:140364718371216:dispatcher.py:118:_is_compatible:### RPCDispatcher._is_compatible()
2018-03-26 04:28:24,870:DEBUG:140364718371216:dispatcher.py:123:_do_dispatch:### RPCDispatcher._do_dispatch()
2018-03-26 04:28:24,870:INFO:140364718371216:heat-engine.py:42:health_check:### Request: id=[4], host=[heat-1-api], content=[How are you?]
2018-03-26 04:28:54,871:DEBUG:140364718371216:amqpdriver.py:70:reply:### AMQPIncomingMessage.reply()
2018-03-26 04:28:54,872:DEBUG:140364718371216:amqpdriver.py:363:_get_connection:### AMQPDriverBase._get_connection()
2018-03-26 04:28:54,872:DEBUG:140364718371216:amqp.py:116:__init__:### ConnectionContext.__init__()
2018-03-26 04:28:54,872:DEBUG:140364718371216:pool.py:59:get:### Pool.get()
2018-03-26 04:28:54,873:DEBUG:140364718371216:amqp.py:129:__enter__:### ConnectionContext.__enter__()
2018-03-26 04:28:54,873:DEBUG:140364718371216:amqpdriver.py:49:_send_reply:### AMQPIncomingMessage._send_reply()
2018-03-26 04:28:54,873:DEBUG:140364718371216:amqp.py:259:_add_unique_id:### _add_unique_id()
2018-03-26 04:28:54,873:DEBUG:140364718371216:amqp.py:262:_add_unique_id:UNIQUE_ID is ecb4b93e754c421aa3534413908cd7ad.
2018-03-26 04:28:54,874:DEBUG:140364718371216:amqp.py:167:__getattr__:### ConnectionContext.__getattr__()
2018-03-26 04:28:54,874:DEBUG:140364718371216:impl_rabbit.py:838:direct_send:### Connection.direct_send()
2018-03-26 04:28:54,874:DEBUG:140364718371216:impl_rabbit.py:799:publisher_send:### Connection.publisher_send()
2018-03-26 04:28:54,874:DEBUG:140364718371216:impl_rabbit.py:681:ensure:### Connection.ensure()
2018-03-26 04:28:54,875:DEBUG:140364718371216:impl_rabbit.py:807:_publish:### Connection.publisher_send()._publish()
2018-03-26 04:28:54,875:DEBUG:140364718371216:impl_rabbit.py:369:__init__:### DirectPublisher.__init__()
2018-03-26 04:28:54,875:DEBUG:140364718371216:impl_rabbit.py:335:__init__:### Publisher.__init__()
2018-03-26 04:28:54,875:DEBUG:140364718371216:impl_rabbit.py:343:reconnect:### Publisher.reconnect()
2018-03-26 04:28:54,877:DEBUG:140364718371216:impl_rabbit.py:352:send:### Publisher.send()
2018-03-26 04:28:54,877:DEBUG:140364718371216:amqpdriver.py:49:_send_reply:### AMQPIncomingMessage._send_reply()
2018-03-26 04:28:54,878:DEBUG:140364718371216:amqp.py:259:_add_unique_id:### _add_unique_id()
2018-03-26 04:28:54,878:DEBUG:140364718371216:amqp.py:262:_add_unique_id:UNIQUE_ID is 635d644a6c52464798f3636714402078.
2018-03-26 04:28:54,878:DEBUG:140364718371216:amqp.py:167:__getattr__:### ConnectionContext.__getattr__()
2018-03-26 04:28:54,881:DEBUG:140364718371216:impl_rabbit.py:838:direct_send:### Connection.direct_send()
2018-03-26 04:28:54,882:DEBUG:140364718371216:impl_rabbit.py:799:publisher_send:### Connection.publisher_send()
2018-03-26 04:28:54,882:DEBUG:140364718371216:impl_rabbit.py:681:ensure:### Connection.ensure()
2018-03-26 04:28:54,882:DEBUG:140364718371216:impl_rabbit.py:807:_publish:### Connection.publisher_send()._publish()
2018-03-26 04:28:54,882:DEBUG:140364718371216:impl_rabbit.py:369:__init__:### DirectPublisher.__init__()
2018-03-26 04:28:54,882:DEBUG:140364718371216:impl_rabbit.py:335:__init__:### Publisher.__init__()
2018-03-26 04:28:54,883:DEBUG:140364718371216:impl_rabbit.py:343:reconnect:### Publisher.reconnect()
2018-03-26 04:28:54,885:DEBUG:140364718371216:impl_rabbit.py:352:send:### Publisher.send()
2018-03-26 04:28:54,885:DEBUG:140364718371216:amqp.py:152:__exit__:### ConnectionContext.__exit__()
2018-03-26 04:28:54,886:DEBUG:140364718371216:amqp.py:136:_done:### ConnectionContext._done()
2018-03-26 04:28:54,886:DEBUG:140364718371216:impl_rabbit.py:721:reset:### Connection.reset()
2018-03-26 04:28:54,888:DEBUG:140364718371216:channel.py:106:_do_close:Closed channel #1
2018-03-26 04:28:54,889:DEBUG:140364718371216:channel.py:82:__init__:using channel_id: 1
2018-03-26 04:28:54,890:DEBUG:140364718371216:channel.py:440:_open_ok:Channel open
2018-03-26 04:28:54,890:DEBUG:140364718371216:pool.py:49:put:### Pool.put()
2018-03-26 04:28:54,890:DEBUG:140364718371216:amqp.py:157:__del__:### ConnectionContext.__del__()
2018-03-26 04:28:54,890:DEBUG:140364718371216:amqp.py:136:_done:### ConnectionContext._done()
2018-03-26 04:28:54,891:DEBUG:140364718371216:impl_eventlet.py:46:complete:### spawn_with().complete()
2018-03-26 04:29:24,914:DEBUG:140364718371056:impl_rabbit.py:175:_callback_handler:### ConsumerBase._callback_handler()
2018-03-26 04:29:24,914:DEBUG:140364718371056:impl_rabbit.py:128:__init__:### RabbitMessage.__init__()
2018-03-26 04:29:24,915:DEBUG:140364718371056:amqpdriver.py:106:__call__:### AMQPListener.__call__()
2018-03-26 04:29:24,915:DEBUG:140364718371056:common.py:178:_safe_log:received {u'_msg_id': u'ab67d5ca0dff4e169fe7311dad95ecb2', u'_reply_q': u'reply_a0819009aff748f68a384cdb20d45e0f', u'args': {u'host': u'heat-1-api', u'seqid': 5, u'req': u'How are you?'}, u'_unique_id': u'1c7fe2327f134f7cadf1a5416eb961b6', u'version': u'1.0', u'method': u'health_check'}
2018-03-26 04:29:24,915:DEBUG:140364718371056:amqp.py:194:unpack_context:### unpack_context()
2018-03-26 04:29:24,915:DEBUG:140364718371056:amqp.py:177:__init__:### RpcContext.__init__()
2018-03-26 04:29:24,916:DEBUG:140364718371056:common.py:178:_safe_log:unpacked context: {}
2018-03-26 04:29:24,916:DEBUG:140364718371056:amqpdriver.py:37:__init__:### AMQPIncomingMessage.__init__()
2018-03-26 04:29:24,916:DEBUG:140364718371056:base.py:33:__init__:### IncomingMessage.__init__()
2018-03-26 04:29:24,916:DEBUG:140364718371056:impl_eventlet.py:43:spawn_with:### spawn_with()
2018-03-26 04:29:24,916:DEBUG:140364718371056:dispatcher.py:133:__call__:### RPCDispatcher.__call__()
2018-03-26 04:29:24,916:DEBUG:140364718371056:amqpdriver.py:80:acknowledge:### AMQPIncomingMessage.acknowledge()
2018-03-26 04:29:24,916:DEBUG:140364718371056:impl_rabbit.py:134:acknowledge:### RabbitMessage.acknowledge()
2018-03-26 04:29:24,917:DEBUG:140364718371056:amqpdriver.py:120:poll:### AMQPListener.poll()
2018-03-26 04:29:24,917:DEBUG:140364718371056:amqp.py:167:__getattr__:### ConnectionContext.__getattr__()
2018-03-26 04:29:24,917:DEBUG:140364718371056:impl_rabbit.py:860:consume:### Connection.consume()
2018-03-26 04:29:24,917:DEBUG:140364718371056:impl_rabbit.py:751:iterconsume:### Connection.iterconsume()
2018-03-26 04:29:24,917:DEBUG:140364718371056:impl_rabbit.py:681:ensure:### Connection.ensure()
2018-03-26 04:29:24,917:DEBUG:140364718371056:impl_rabbit.py:771:_consume:### Connection.iterconsume()._consume()
2018-03-26 04:29:24,918:DEBUG:140364718371376:dispatcher.py:138:_dispatch_and_reply:### RPCDispatcher._dispatch_and_reply()
2018-03-26 04:29:24,918:DEBUG:140364718371376:dispatcher.py:166:_dispatch:### RPCDispatcher._dispatch()
2018-03-26 04:29:24,918:DEBUG:140364718371376:dispatcher.py:113:_is_namespace:### RPCDispatcher._is_namespace()
2018-03-26 04:29:24,918:DEBUG:140364718371376:dispatcher.py:118:_is_compatible:### RPCDispatcher._is_compatible()
2018-03-26 04:29:24,918:DEBUG:140364718371376:dispatcher.py:123:_do_dispatch:### RPCDispatcher._do_dispatch()
2018-03-26 04:29:24,918:INFO:140364718371376:heat-engine.py:42:health_check:### Request: id=[5], host=[heat-1-api], content=[How are you?]
2018-03-26 04:29:54,919:DEBUG:140364718371376:amqpdriver.py:70:reply:### AMQPIncomingMessage.reply()
2018-03-26 04:29:54,919:DEBUG:140364718371376:amqpdriver.py:363:_get_connection:### AMQPDriverBase._get_connection()
2018-03-26 04:29:54,919:DEBUG:140364718371376:amqp.py:116:__init__:### ConnectionContext.__init__()
2018-03-26 04:29:54,920:DEBUG:140364718371376:pool.py:59:get:### Pool.get()
2018-03-26 04:29:54,920:DEBUG:140364718371376:amqp.py:129:__enter__:### ConnectionContext.__enter__()
2018-03-26 04:29:54,920:DEBUG:140364718371376:amqpdriver.py:49:_send_reply:### AMQPIncomingMessage._send_reply()
2018-03-26 04:29:54,920:DEBUG:140364718371376:amqp.py:259:_add_unique_id:### _add_unique_id()
2018-03-26 04:29:54,920:DEBUG:140364718371376:amqp.py:262:_add_unique_id:UNIQUE_ID is d858743a7ba944cca3dc0417d29dc355.
2018-03-26 04:29:54,921:DEBUG:140364718371376:amqp.py:167:__getattr__:### ConnectionContext.__getattr__()
2018-03-26 04:29:54,921:DEBUG:140364718371376:impl_rabbit.py:838:direct_send:### Connection.direct_send()
2018-03-26 04:29:54,921:DEBUG:140364718371376:impl_rabbit.py:799:publisher_send:### Connection.publisher_send()
2018-03-26 04:29:54,921:DEBUG:140364718371376:impl_rabbit.py:681:ensure:### Connection.ensure()
2018-03-26 04:29:54,921:DEBUG:140364718371376:impl_rabbit.py:807:_publish:### Connection.publisher_send()._publish()
2018-03-26 04:29:54,921:DEBUG:140364718371376:impl_rabbit.py:369:__init__:### DirectPublisher.__init__()
2018-03-26 04:29:54,922:DEBUG:140364718371376:impl_rabbit.py:335:__init__:### Publisher.__init__()
2018-03-26 04:29:54,922:DEBUG:140364718371376:impl_rabbit.py:343:reconnect:### Publisher.reconnect()
2018-03-26 04:29:54,923:DEBUG:140364718371376:impl_rabbit.py:352:send:### Publisher.send()
2018-03-26 04:29:54,924:DEBUG:140364718371376:amqpdriver.py:49:_send_reply:### AMQPIncomingMessage._send_reply()
2018-03-26 04:29:54,924:DEBUG:140364718371376:amqp.py:259:_add_unique_id:### _add_unique_id()
2018-03-26 04:29:54,924:DEBUG:140364718371376:amqp.py:262:_add_unique_id:UNIQUE_ID is f97072f652a1478594ce2e61ce2b64f9.
2018-03-26 04:29:54,924:DEBUG:140364718371376:amqp.py:167:__getattr__:### ConnectionContext.__getattr__()
2018-03-26 04:29:54,925:DEBUG:140364718371376:impl_rabbit.py:838:direct_send:### Connection.direct_send()
2018-03-26 04:29:54,925:DEBUG:140364718371376:impl_rabbit.py:799:publisher_send:### Connection.publisher_send()
2018-03-26 04:29:54,925:DEBUG:140364718371376:impl_rabbit.py:681:ensure:### Connection.ensure()
2018-03-26 04:29:54,925:DEBUG:140364718371376:impl_rabbit.py:807:_publish:### Connection.publisher_send()._publish()
2018-03-26 04:29:54,926:DEBUG:140364718371376:impl_rabbit.py:369:__init__:### DirectPublisher.__init__()
2018-03-26 04:29:54,926:DEBUG:140364718371376:impl_rabbit.py:335:__init__:### Publisher.__init__()
2018-03-26 04:29:54,926:DEBUG:140364718371376:impl_rabbit.py:343:reconnect:### Publisher.reconnect()
2018-03-26 04:29:54,928:DEBUG:140364718371376:impl_rabbit.py:352:send:### Publisher.send()
2018-03-26 04:29:54,929:DEBUG:140364718371376:amqp.py:152:__exit__:### ConnectionContext.__exit__()
2018-03-26 04:29:54,930:DEBUG:140364718371376:amqp.py:136:_done:### ConnectionContext._done()
2018-03-26 04:29:54,931:DEBUG:140364718371376:impl_rabbit.py:721:reset:### Connection.reset()
2018-03-26 04:29:54,934:DEBUG:140364718371376:channel.py:106:_do_close:Closed channel #1
2018-03-26 04:29:54,934:DEBUG:140364718371376:channel.py:82:__init__:using channel_id: 1
2018-03-26 04:29:54,939:DEBUG:140364718371376:channel.py:440:_open_ok:Channel open
2018-03-26 04:29:54,939:DEBUG:140364718371376:pool.py:49:put:### Pool.put()
2018-03-26 04:29:54,939:DEBUG:140364718371376:amqp.py:157:__del__:### ConnectionContext.__del__()
2018-03-26 04:29:54,939:DEBUG:140364718371376:amqp.py:136:_done:### ConnectionContext._done()
2018-03-26 04:29:54,939:DEBUG:140364718371376:impl_eventlet.py:46:complete:### spawn_with().complete()
2018-03-26 04:30:24,968:DEBUG:140364718371056:impl_rabbit.py:175:_callback_handler:### ConsumerBase._callback_handler()
2018-03-26 04:30:24,968:DEBUG:140364718371056:impl_rabbit.py:128:__init__:### RabbitMessage.__init__()
2018-03-26 04:30:24,969:DEBUG:140364718371056:amqpdriver.py:106:__call__:### AMQPListener.__call__()
2018-03-26 04:30:24,970:DEBUG:140364718371056:common.py:178:_safe_log:received {u'_msg_id': u'5492295f89cf47f499ed6f06315a35fb', u'_reply_q': u'reply_a0819009aff748f68a384cdb20d45e0f', u'args': {u'host': u'heat-1-api', u'seqid': 6, u'req': u'How are you?'}, u'_unique_id': u'090dd328311540af9c984f1b259a102a', u'version': u'1.0', u'method': u'health_check'}
2018-03-26 04:30:24,970:DEBUG:140364718371056:amqp.py:194:unpack_context:### unpack_context()
2018-03-26 04:30:24,971:DEBUG:140364718371056:amqp.py:177:__init__:### RpcContext.__init__()
2018-03-26 04:30:24,971:DEBUG:140364718371056:common.py:178:_safe_log:unpacked context: {}
2018-03-26 04:30:24,972:DEBUG:140364718371056:amqpdriver.py:37:__init__:### AMQPIncomingMessage.__init__()
2018-03-26 04:30:24,972:DEBUG:140364718371056:base.py:33:__init__:### IncomingMessage.__init__()
2018-03-26 04:30:24,972:DEBUG:140364718371056:impl_eventlet.py:43:spawn_with:### spawn_with()
2018-03-26 04:30:24,973:DEBUG:140364718371056:dispatcher.py:133:__call__:### RPCDispatcher.__call__()
2018-03-26 04:30:24,973:DEBUG:140364718371056:amqpdriver.py:80:acknowledge:### AMQPIncomingMessage.acknowledge()
2018-03-26 04:30:24,973:DEBUG:140364718371056:impl_rabbit.py:134:acknowledge:### RabbitMessage.acknowledge()
2018-03-26 04:30:24,974:DEBUG:140364718371056:amqpdriver.py:120:poll:### AMQPListener.poll()
2018-03-26 04:30:24,974:DEBUG:140364718371056:amqp.py:167:__getattr__:### ConnectionContext.__getattr__()
2018-03-26 04:30:24,974:DEBUG:140364718371056:impl_rabbit.py:860:consume:### Connection.consume()
2018-03-26 04:30:24,974:DEBUG:140364718371056:impl_rabbit.py:751:iterconsume:### Connection.iterconsume()
2018-03-26 04:30:24,975:DEBUG:140364718371056:impl_rabbit.py:681:ensure:### Connection.ensure()
2018-03-26 04:30:24,975:DEBUG:140364718371056:impl_rabbit.py:771:_consume:### Connection.iterconsume()._consume()
2018-03-26 04:30:24,975:DEBUG:140364718371216:dispatcher.py:138:_dispatch_and_reply:### RPCDispatcher._dispatch_and_reply()
2018-03-26 04:30:24,976:DEBUG:140364718371216:dispatcher.py:166:_dispatch:### RPCDispatcher._dispatch()
2018-03-26 04:30:24,976:DEBUG:140364718371216:dispatcher.py:113:_is_namespace:### RPCDispatcher._is_namespace()
2018-03-26 04:30:24,976:DEBUG:140364718371216:dispatcher.py:118:_is_compatible:### RPCDispatcher._is_compatible()
2018-03-26 04:30:24,976:DEBUG:140364718371216:dispatcher.py:123:_do_dispatch:### RPCDispatcher._do_dispatch()
2018-03-26 04:30:24,977:INFO:140364718371216:heat-engine.py:42:health_check:### Request: id=[6], host=[heat-1-api], content=[How are you?]
